  [4;36;1mSQL (0.2ms)[0m   [0;1m SELECT name
 FROM sqlite_master
 WHERE type = 'table' AND NOT name = 'sqlite_sequence'
[0m
  [4;35;1mSQL (0.1ms)[0m   [0mselect sqlite_version(*)[0m
  [4;36;1mSQL (3.3ms)[0m   [0;1mCREATE TABLE "schema_migrations" ("version" varchar(255) NOT NULL) [0m
  [4;35;1mSQL (2.9ms)[0m   [0mCREATE UNIQUE INDEX "unique_schema_migrations" ON "schema_migrations" ("version")[0m
  [4;36;1mSQL (0.6ms)[0m   [0;1m SELECT name
 FROM sqlite_master
 WHERE type = 'table' AND NOT name = 'sqlite_sequence'
[0m
  [4;35;1mSQL (0.1ms)[0m   [0mSELECT version FROM schema_migrations[0m
Migrating to CreateUsers (20090730011853)
  [4;36;1mSQL (0.5ms)[0m   [0;1mCREATE TABLE "users" ("id" INTEGER PRIMARY KEY AUTOINCREMENT NOT NULL, "username" varchar(255), "password" varchar(255), "email" varchar(255), "created_at" datetime, "updated_at" datetime) [0m
  [4;35;1mSQL (0.1ms)[0m   [0mINSERT INTO schema_migrations (version) VALUES ('20090730011853')[0m
  [4;36;1mSQL (0.2ms)[0m   [0;1m SELECT name
 FROM sqlite_master
 WHERE type = 'table' AND NOT name = 'sqlite_sequence'
[0m
  [4;35;1mSQL (0.1ms)[0m   [0mSELECT version FROM schema_migrations[0m
  [4;36;1mSQL (0.1ms)[0m   [0;1m SELECT name
 FROM sqlite_master
 WHERE type = 'table' AND NOT name = 'sqlite_sequence'
[0m
  [4;35;1mSQL (0.0ms)[0m   [0mPRAGMA index_list("users")[0m


Processing UsersController#index (for 127.0.0.1 at 2009-07-29 18:22:48) [GET]
  [4;36;1mUser Load (0.4ms)[0m   [0;1mSELECT * FROM "users" [0m
Rendering template within layouts/users
Rendering users/index
Completed in 35ms (View: 31, DB: 0) | 200 OK [http://0.0.0.0/users]


Processing UsersController#new (for 127.0.0.1 at 2009-07-29 18:22:50) [GET]
Rendering template within layouts/users
Rendering users/new
Completed in 10ms (View: 6, DB: 0) | 200 OK [http://0.0.0.0/users/new]


Processing UsersController#create (for 127.0.0.1 at 2009-07-29 18:23:10) [POST]
  Parameters: {"user"=>{"username"=>"admin", "password"=>"admin", "email"=>"stacie.frederick@gmail.com"}, "commit"=>"Create", "authenticity_token"=>"8/8G8XsPZ+9pKgCEBV0SlyJ5noDuIGotnPtTYcZyVc4="}
  [4;35;1mUser Exists (0.1ms)[0m   [0mSELECT "users".id FROM "users" WHERE ("users"."username" = 'admin') LIMIT 1[0m

NameError (undefined local variable or method `hashed_password' for #<User:0x11ebb0c>):
  app/models/user.rb:33:in `password_non_blank'
  app/controllers/users_controller.rb:46:in `create'
  app/controllers/users_controller.rb:45:in `create'

Rendered rescues/_trace (71.7ms)
Rendered rescues/_request_and_response (1.4ms)
Rendering rescues/layout (internal_server_error)


Processing UsersController#create (for 127.0.0.1 at 2009-07-29 18:23:35) [POST]
  Parameters: {"user"=>{"username"=>"admin", "password"=>"admin", "email"=>"stacie.frederick@gmail.com"}, "commit"=>"Create", "authenticity_token"=>"8/8G8XsPZ+9pKgCEBV0SlyJ5noDuIGotnPtTYcZyVc4="}
  [4;36;1mUser Exists (0.1ms)[0m   [0;1mSELECT "users".id FROM "users" WHERE ("users"."username" = 'admin') LIMIT 1[0m
Rendering template within layouts/users
Rendering users/new
Completed in 10ms (View: 4, DB: 0) | 200 OK [http://0.0.0.0/users]


Processing UsersController#index (for 127.0.0.1 at 2009-07-29 18:26:29) [GET]
  [4;35;1mUser Load (0.3ms)[0m   [0mSELECT * FROM "users" [0m
Rendering template within layouts/users
Rendering users/index
Completed in 5ms (View: 1, DB: 0) | 200 OK [http://0.0.0.0/users]


Processing UsersController#new (for 127.0.0.1 at 2009-07-29 18:26:30) [GET]
Rendering template within layouts/users
Rendering users/new
Completed in 10ms (View: 6, DB: 0) | 200 OK [http://0.0.0.0/users/new]


Processing UsersController#new (for 127.0.0.1 at 2009-07-29 18:27:19) [GET]
Rendering template within layouts/users
Rendering users/new
Completed in 60ms (View: 56, DB: 0) | 200 OK [http://0.0.0.0/users/new]


Processing UsersController#create (for 127.0.0.1 at 2009-07-29 18:27:29) [POST]
  Parameters: {"user"=>{"password_confirmation"=>"admin", "username"=>"admin", "password"=>"admin", "email"=>"stacie.frederick@gmail.com"}, "commit"=>"Create", "authenticity_token"=>"8/8G8XsPZ+9pKgCEBV0SlyJ5noDuIGotnPtTYcZyVc4="}
  [4;36;1mUser Exists (0.1ms)[0m   [0;1mSELECT "users".id FROM "users" WHERE ("users"."username" = 'admin') LIMIT 1[0m
Rendering template within layouts/users
Rendering users/new
Completed in 11ms (View: 3, DB: 0) | 200 OK [http://0.0.0.0/users]


Processing UsersController#create (for 127.0.0.1 at 2009-07-29 18:29:20) [POST]
  Parameters: {"user"=>{"password_confirmation"=>"admin", "username"=>"admin", "password"=>"admin", "email"=>"stacie.frederick@gmail.com"}, "commit"=>"Create", "authenticity_token"=>"8/8G8XsPZ+9pKgCEBV0SlyJ5noDuIGotnPtTYcZyVc4="}
  [4;35;1mUser Exists (0.1ms)[0m   [0mSELECT "users".id FROM "users" WHERE ("users"."username" = 'admin') LIMIT 1[0m
Rendering template within layouts/users
Rendering users/new
Completed in 15ms (View: 6, DB: 0) | 200 OK [http://0.0.0.0/users]


Processing UsersController#create (for 127.0.0.1 at 2009-07-29 18:29:21) [POST]
  Parameters: {"user"=>{"password_confirmation"=>"admin", "username"=>"admin", "password"=>"admin", "email"=>"stacie.frederick@gmail.com"}, "commit"=>"Create", "authenticity_token"=>"8/8G8XsPZ+9pKgCEBV0SlyJ5noDuIGotnPtTYcZyVc4="}
  [4;36;1mUser Exists (0.1ms)[0m   [0;1mSELECT "users".id FROM "users" WHERE ("users"."username" = 'admin') LIMIT 1[0m
Rendering template within layouts/users
Rendering users/new
Completed in 11ms (View: 3, DB: 0) | 200 OK [http://0.0.0.0/users]


Processing UsersController#create (for 127.0.0.1 at 2009-07-29 18:29:26) [POST]
  Parameters: {"user"=>{"password_confirmation"=>"admin", "username"=>"admin", "password"=>"admin", "email"=>"stacie.frederick@gmail.com"}, "commit"=>"Create", "authenticity_token"=>"8/8G8XsPZ+9pKgCEBV0SlyJ5noDuIGotnPtTYcZyVc4="}
  [4;35;1mUser Exists (0.1ms)[0m   [0mSELECT "users".id FROM "users" WHERE ("users"."username" = 'admin') LIMIT 1[0m
Rendering template within layouts/users
Rendering users/new
Completed in 11ms (View: 2, DB: 0) | 200 OK [http://0.0.0.0/users]


Processing UsersController#create (for 127.0.0.1 at 2009-07-29 18:29:28) [POST]
  Parameters: {"user"=>{"password_confirmation"=>"admin", "username"=>"admin", "password"=>"admin", "email"=>"stacie.frederick@gmail.com"}, "commit"=>"Create", "authenticity_token"=>"8/8G8XsPZ+9pKgCEBV0SlyJ5noDuIGotnPtTYcZyVc4="}
  [4;36;1mUser Exists (0.1ms)[0m   [0;1mSELECT "users".id FROM "users" WHERE ("users"."username" = 'admin') LIMIT 1[0m
Rendering template within layouts/users
Rendering users/new
Completed in 12ms (View: 2, DB: 0) | 200 OK [http://0.0.0.0/users]


Processing UsersController#index (for 127.0.0.1 at 2009-07-29 18:29:29) [GET]
  [4;35;1mUser Load (0.4ms)[0m   [0mSELECT * FROM "users" [0m
Rendering template within layouts/users
Rendering users/index
Completed in 5ms (View: 1, DB: 0) | 200 OK [http://0.0.0.0/users]


Processing UsersController#new (for 127.0.0.1 at 2009-07-29 18:29:30) [GET]
Rendering template within layouts/users
Rendering users/new
Completed in 7ms (View: 3, DB: 0) | 200 OK [http://0.0.0.0/users/new]


Processing UsersController#create (for 127.0.0.1 at 2009-07-29 18:29:41) [POST]
  Parameters: {"user"=>{"password_confirmation"=>"pwd", "username"=>"admin", "password"=>"pwd", "email"=>"stacie.frederick@gmail.com"}, "commit"=>"Create", "authenticity_token"=>"8/8G8XsPZ+9pKgCEBV0SlyJ5noDuIGotnPtTYcZyVc4="}
  [4;36;1mUser Exists (0.2ms)[0m   [0;1mSELECT "users".id FROM "users" WHERE ("users"."username" = 'admin') LIMIT 1[0m
Rendering template within layouts/users
Rendering users/new
Completed in 12ms (View: 3, DB: 0) | 200 OK [http://0.0.0.0/users]


Processing UsersController#index (for 127.0.0.1 at 2009-07-29 18:31:05) [GET]
  [4;35;1mUser Load (0.3ms)[0m   [0mSELECT * FROM "users" [0m
Rendering template within layouts/users
Rendering users/index
Completed in 5ms (View: 1, DB: 0) | 200 OK [http://0.0.0.0/users]


Processing UsersController#new (for 127.0.0.1 at 2009-07-29 18:31:06) [GET]
Rendering template within layouts/users
Rendering users/new
Completed in 7ms (View: 3, DB: 0) | 200 OK [http://0.0.0.0/users/new]


Processing UsersController#create (for 127.0.0.1 at 2009-07-29 18:31:14) [POST]
  Parameters: {"user"=>{"password_confirmation"=>"pwd", "username"=>"admin", "password"=>"pwd", "email"=>"stacie.frederick@gmail.com"}, "commit"=>"Create", "authenticity_token"=>"8/8G8XsPZ+9pKgCEBV0SlyJ5noDuIGotnPtTYcZyVc4="}
  [4;36;1mUser Exists (0.1ms)[0m   [0;1mSELECT "users".id FROM "users" WHERE ("users"."username" = 'admin') LIMIT 1[0m
  [4;35;1mUser Create (0.5ms)[0m   [0mINSERT INTO "users" ("updated_at", "username", "password", "email", "created_at") VALUES('2009-07-30 01:31:14', 'admin', 'pwd', 'stacie.frederick@gmail.com', '2009-07-30 01:31:14')[0m
Redirected to http://0.0.0.0:3000/users/1
Completed in 49ms (DB: 1) | 302 Found [http://0.0.0.0/users]


Processing UsersController#show (for 127.0.0.1 at 2009-07-29 18:31:14) [GET]
  Parameters: {"id"=>"1"}
  [4;36;1mUser Load (0.2ms)[0m   [0;1mSELECT * FROM "users" WHERE ("users"."id" = 1) [0m
Rendering template within layouts/users
Rendering users/show
Completed in 11ms (View: 5, DB: 0) | 200 OK [http://0.0.0.0/users/1]


Processing UsersController#index (for 127.0.0.1 at 2009-07-29 18:31:19) [GET]
  [4;35;1mUser Load (0.4ms)[0m   [0mSELECT * FROM "users" [0m
Rendering template within layouts/users
Rendering users/index
Completed in 7ms (View: 3, DB: 0) | 200 OK [http://0.0.0.0/users]


Processing UsersController#new (for 127.0.0.1 at 2009-07-29 18:31:21) [GET]
Rendering template within layouts/users
Rendering users/new
Completed in 7ms (View: 3, DB: 0) | 200 OK [http://0.0.0.0/users/new]


Processing UsersController#create (for 127.0.0.1 at 2009-07-29 18:31:32) [POST]
  Parameters: {"user"=>{"password_confirmation"=>"pwd", "username"=>"stacie", "password"=>"pwd", "email"=>"stacie@alum.calberkeley.org"}, "commit"=>"Create", "authenticity_token"=>"8/8G8XsPZ+9pKgCEBV0SlyJ5noDuIGotnPtTYcZyVc4="}
  [4;36;1mUser Exists (0.1ms)[0m   [0;1mSELECT "users".id FROM "users" WHERE ("users"."username" = 'stacie') LIMIT 1[0m
  [4;35;1mUser Create (0.4ms)[0m   [0mINSERT INTO "users" ("updated_at", "username", "password", "email", "created_at") VALUES('2009-07-30 01:31:32', 'stacie', 'pwd', 'stacie@alum.calberkeley.org', '2009-07-30 01:31:32')[0m
Redirected to http://0.0.0.0:3000/users/2
Completed in 11ms (DB: 0) | 302 Found [http://0.0.0.0/users]


Processing UsersController#show (for 127.0.0.1 at 2009-07-29 18:31:32) [GET]
  Parameters: {"id"=>"2"}
  [4;36;1mUser Load (0.2ms)[0m   [0;1mSELECT * FROM "users" WHERE ("users"."id" = 2) [0m
Rendering template within layouts/users
Rendering users/show
Completed in 8ms (View: 2, DB: 0) | 200 OK [http://0.0.0.0/users/2]


Processing UsersController#index (for 127.0.0.1 at 2009-07-29 18:31:34) [GET]
  [4;35;1mUser Load (0.5ms)[0m   [0mSELECT * FROM "users" [0m
Rendering template within layouts/users
Rendering users/index
Completed in 8ms (View: 4, DB: 0) | 200 OK [http://0.0.0.0/users]


Processing ApplicationController#index (for 127.0.0.1 at 2009-07-29 18:41:42) [GET]

ActionController::RoutingError (No route matches "/rocket" with {:method=>:get}):
  

Rendering rescues/layout (not_found)


Processing ApplicationController#index (for 127.0.0.1 at 2009-07-29 18:49:59) [GET]

ActionController::RoutingError (No route matches "/rocket" with {:method=>:get}):
  

Rendering rescues/layout (not_found)


Processing ApplicationController#index (for 127.0.0.1 at 2009-07-29 18:50:00) [GET]

ActionController::RoutingError (No route matches "/rocket" with {:method=>:get}):
  

Rendering rescues/layout (not_found)


Processing ApplicationController#index (for 127.0.0.1 at 2009-07-29 18:50:32) [GET]

ActionController::RoutingError (No route matches "/rocket" with {:method=>:get}):
  

Rendering rescues/layout (not_found)


Processing ApplicationController#index (for 127.0.0.1 at 2009-07-29 18:50:43) [GET]

ActionController::RoutingError (No route matches "/rocket" with {:method=>:get}):
  

Rendering rescues/layout (not_found)


Processing ApplicationController#index (for 127.0.0.1 at 2009-07-29 18:56:56) [GET]

ActionController::RoutingError (No route matches "/rocket" with {:method=>:get}):
  

Rendering rescues/layout (not_found)


Processing ApplicationController#index (for 127.0.0.1 at 2009-07-29 18:57:01) [GET]

ActionController::RoutingError (No route matches "/rocket/index" with {:method=>:get}):
  

Rendering rescues/layout (not_found)


Processing ApplicationController#index (for 127.0.0.1 at 2009-07-29 18:57:08) [GET]

ActionController::RoutingError (No route matches "/rockets" with {:method=>:get}):
  

Rendering rescues/layout (not_found)


Processing ApplicationController#index (for 127.0.0.1 at 2009-07-29 18:57:16) [GET]

ActionController::RoutingError (No route matches "/rocket/login" with {:method=>:get}):
  

Rendering rescues/layout (not_found)


Processing ApplicationController#index (for 127.0.0.1 at 2009-07-29 18:59:58) [GET]

ActionController::RoutingError (No route matches "/rocket/login" with {:method=>:get}):
  

Rendering rescues/layout (not_found)


Processing ApplicationController#index (for 127.0.0.1 at 2009-07-29 18:59:59) [GET]

ActionController::RoutingError (No route matches "/rocket/login" with {:method=>:get}):
  

Rendering rescues/layout (not_found)


Processing RocketController#index (for 127.0.0.1 at 2009-07-29 19:03:26) [GET]
Rendering rocket/index
Completed in 6ms (View: 5, DB: 0) | 200 OK [http://0.0.0.0/rocket/]


Processing RocketController#login (for 127.0.0.1 at 2009-07-29 19:03:30) [GET]
Rendering rocket/login
Completed in 4ms (View: 3, DB: 0) | 200 OK [http://0.0.0.0/rocket/login]


Processing ApplicationController#index (for 127.0.0.1 at 2009-07-29 19:04:04) [GET]

ActionController::RoutingError (No route matches "/admin" with {:method=>:get}):
  

Rendering rescues/layout (not_found)


Processing RocketController#index (for 127.0.0.1 at 2009-07-29 19:04:10) [GET]
Rendering rocket/index
Completed in 2ms (View: 1, DB: 0) | 200 OK [http://0.0.0.0/rocket]


Processing RocketController#login (for 127.0.0.1 at 2009-07-29 19:04:27) [GET]
Rendering rocket/login
Completed in 2ms (View: 1, DB: 0) | 200 OK [http://0.0.0.0/rocket/login]


Processing RocketController#index (for 127.0.0.1 at 2009-07-29 22:13:34) [GET]
Rendering rocket/index
Completed in 48ms (View: 44, DB: 0) | 200 OK [http://0.0.0.0/rocket]


Processing RocketController#index (for 127.0.0.1 at 2009-07-29 22:22:15) [GET]
Rendering rocket/index
Completed in 5ms (View: 4, DB: 0) | 200 OK [http://0.0.0.0/rocket]


Processing RocketController#index (for 127.0.0.1 at 2009-07-29 22:22:17) [GET]
Rendering rocket/index
Completed in 2ms (View: 1, DB: 0) | 200 OK [http://0.0.0.0/rocket]


Processing RocketController#index (for 127.0.0.1 at 2009-07-29 22:22:38) [GET]
Rendering rocket/index
Completed in 5ms (View: 4, DB: 0) | 200 OK [http://0.0.0.0/rocket]


Processing RocketController#index (for 127.0.0.1 at 2009-07-29 22:22:40) [GET]
Rendering rocket/index
Completed in 2ms (View: 1, DB: 0) | 200 OK [http://0.0.0.0/rocket]


Processing RocketController#index (for 127.0.0.1 at 2009-07-29 22:22:42) [GET]
Rendering rocket/index
Completed in 3ms (View: 1, DB: 0) | 200 OK [http://0.0.0.0/rocket]


Processing RocketController#index (for 127.0.0.1 at 2009-07-29 22:22:58) [GET]
Rendering rocket/index
Completed in 5ms (View: 4, DB: 0) | 200 OK [http://0.0.0.0/rocket]


Processing RocketController#index (for 127.0.0.1 at 2009-07-29 22:25:52) [GET]
Rendering rocket/index
Completed in 6ms (View: 4, DB: 0) | 200 OK [http://0.0.0.0/rocket]


Processing RocketController#index (for 127.0.0.1 at 2009-07-29 22:35:01) [GET]
Rendering rocket/index
ERROR: compiling _run_erb_app47views47rocket47index46html46erb RAISED compile error
/Users/sfrederick/ruby_on_rails/rocket/app/views/rocket/index.html.erb:38: syntax error, unexpected kENSURE, expecting $end
Function body:           def _run_erb_app47views47rocket47index46html46erb(local_assigns)
            old_output_buffer = output_buffer;;@output_buffer = '';  __in_erb_template=true ; @output_buffer.concat "<!DOCTYPE html PUBLIC \"-//W3C//DTD XHTML 1.0 Transitional//EN\"\n"
@output_buffer.concat "       \"http://www.w3.org/TR/xhtml1/DTD/xhtml1-transitional.dtd\">\n"
@output_buffer.concat "\n"
@output_buffer.concat "<html>\n"
@output_buffer.concat "\n"
@output_buffer.concat "  <head>\n"
@output_buffer.concat "    <title>To Rocket!</title>\n"
@output_buffer.concat "    "; @output_buffer.concat(( stylesheet_link_tag 'rocket').to_s); @output_buffer.concat "\n"
@output_buffer.concat "  </head>\n"
@output_buffer.concat "\n"
@output_buffer.concat "  <h1>";  image_tag("rocket.png") ; @output_buffer.concat " Welcome to Rocket</h1>\n"
@output_buffer.concat "  ";  end ; @output_buffer.concat "\n"
@output_buffer.concat "\n"
@output_buffer.concat "  \n"
@output_buffer.concat "  <div class=\"rocket-form\">\n"
@output_buffer.concat "    ";  form_tag do ; @output_buffer.concat "\n"
@output_buffer.concat "      <fieldset>\n"
@output_buffer.concat "        <legend>Please Log In</legend>\n"
@output_buffer.concat "\n"
@output_buffer.concat "        <div>\n"
@output_buffer.concat "          <label for=\"name\">Name:</label>\n"
@output_buffer.concat "          "; @output_buffer.concat(( text_field_tag :name, params[:name] ).to_s); @output_buffer.concat "\n"
@output_buffer.concat "        </div>\n"
@output_buffer.concat "\n"
@output_buffer.concat "        <div>\n"
@output_buffer.concat "          <label for=\"password\">Password:</label>\n"
@output_buffer.concat "          "; @output_buffer.concat(( password_field_tag :password, params[:password] ).to_s); @output_buffer.concat "\n"
@output_buffer.concat "        </div>\n"
@output_buffer.concat "\n"
@output_buffer.concat "        <div>\n"
@output_buffer.concat "          "; @output_buffer.concat(( submit_tag "Login" ).to_s); @output_buffer.concat "\n"
@output_buffer.concat "        </div>\n"
@output_buffer.concat "\n"
@output_buffer.concat "      </fieldset>\n"
@output_buffer.concat "    ";  end ; @output_buffer.concat "\n"
@output_buffer.concat "  </div>\n"
@output_buffer.concat "</html>"; @output_buffer
          ensure
            self.output_buffer = old_output_buffer
          end
Backtrace: /Users/sfrederick/ruby_on_rails/rocket/app/views/rocket/index.html.erb:38:in `compile!'
/Library/Ruby/Gems/1.8/gems/actionpack-2.3.2/lib/action_view/renderable.rb:61:in `compile'
/Library/Ruby/Gems/1.8/gems/actionpack-2.3.2/lib/action_view/renderable.rb:28:in `render'
/Library/Ruby/Gems/1.8/gems/actionpack-2.3.2/lib/action_view/template.rb:194:in `render_template'
/Library/Ruby/Gems/1.8/gems/actionpack-2.3.2/lib/action_view/base.rb:260:in `render'
/Library/Ruby/Gems/1.8/gems/actionpack-2.3.2/lib/action_controller/base.rb:1241:in `render_for_file'
/Library/Ruby/Gems/1.8/gems/actionpack-2.3.2/lib/action_controller/base.rb:937:in `render_without_benchmark'
/Library/Ruby/Gems/1.8/gems/actionpack-2.3.2/lib/action_controller/benchmarking.rb:51:in `render'
/Library/Ruby/Gems/1.8/gems/activesupport-2.3.2/lib/active_support/core_ext/benchmark.rb:17:in `ms'
/Library/Ruby/Gems/1.8/gems/activesupport-2.3.2/lib/active_support/core_ext/benchmark.rb:10:in `realtime'
/Library/Ruby/Gems/1.8/gems/activesupport-2.3.2/lib/active_support/core_ext/benchmark.rb:17:in `ms'
/Library/Ruby/Gems/1.8/gems/actionpack-2.3.2/lib/action_controller/benchmarking.rb:51:in `render'
/Library/Ruby/Gems/1.8/gems/actionpack-2.3.2/lib/action_controller/base.rb:1317:in `default_render'
/Library/Ruby/Gems/1.8/gems/actionpack-2.3.2/lib/action_controller/base.rb:1323:in `perform_action_without_filters'
/Library/Ruby/Gems/1.8/gems/actionpack-2.3.2/lib/action_controller/filters.rb:617:in `call_filters'
/Library/Ruby/Gems/1.8/gems/actionpack-2.3.2/lib/action_controller/filters.rb:610:in `perform_action_without_benchmark'
/Library/Ruby/Gems/1.8/gems/actionpack-2.3.2/lib/action_controller/benchmarking.rb:68:in `perform_action_without_rescue'
/Library/Ruby/Gems/1.8/gems/activesupport-2.3.2/lib/active_support/core_ext/benchmark.rb:17:in `ms'
/Library/Ruby/Gems/1.8/gems/activesupport-2.3.2/lib/active_support/core_ext/benchmark.rb:10:in `realtime'
/Library/Ruby/Gems/1.8/gems/activesupport-2.3.2/lib/active_support/core_ext/benchmark.rb:17:in `ms'
/Library/Ruby/Gems/1.8/gems/actionpack-2.3.2/lib/action_controller/benchmarking.rb:68:in `perform_action_without_rescue'
/Library/Ruby/Gems/1.8/gems/actionpack-2.3.2/lib/action_controller/rescue.rb:160:in `perform_action_without_flash'
/Library/Ruby/Gems/1.8/gems/actionpack-2.3.2/lib/action_controller/flash.rb:141:in `perform_action'
/Library/Ruby/Gems/1.8/gems/actionpack-2.3.2/lib/action_controller/base.rb:523:in `send'
/Library/Ruby/Gems/1.8/gems/actionpack-2.3.2/lib/action_controller/base.rb:523:in `process_without_filters'
/Library/Ruby/Gems/1.8/gems/actionpack-2.3.2/lib/action_controller/filters.rb:606:in `process'
/Library/Ruby/Gems/1.8/gems/actionpack-2.3.2/lib/action_controller/base.rb:391:in `process'
/Library/Ruby/Gems/1.8/gems/actionpack-2.3.2/lib/action_controller/base.rb:386:in `call'
/Library/Ruby/Gems/1.8/gems/actionpack-2.3.2/lib/action_controller/routing/route_set.rb:433:in `call'
/Library/Ruby/Gems/1.8/gems/actionpack-2.3.2/lib/action_controller/dispatcher.rb:88:in `dispatch'
/Library/Ruby/Gems/1.8/gems/actionpack-2.3.2/lib/action_controller/dispatcher.rb:111:in `_call'
/Library/Ruby/Gems/1.8/gems/actionpack-2.3.2/lib/action_controller/dispatcher.rb:82:in `initialize'
/Library/Ruby/Gems/1.8/gems/activerecord-2.3.2/lib/active_record/query_cache.rb:29:in `call'
/Library/Ruby/Gems/1.8/gems/activerecord-2.3.2/lib/active_record/query_cache.rb:29:in `call'
/Library/Ruby/Gems/1.8/gems/activerecord-2.3.2/lib/active_record/connection_adapters/abstract/query_cache.rb:34:in `cache'
/Library/Ruby/Gems/1.8/gems/activerecord-2.3.2/lib/active_record/query_cache.rb:9:in `cache'
/Library/Ruby/Gems/1.8/gems/activerecord-2.3.2/lib/active_record/query_cache.rb:28:in `call'
/Library/Ruby/Gems/1.8/gems/activerecord-2.3.2/lib/active_record/connection_adapters/abstract/connection_pool.rb:361:in `call'
/Library/Ruby/Gems/1.8/gems/actionpack-2.3.2/lib/action_controller/vendor/rack-1.0/rack/head.rb:9:in `call'
/Library/Ruby/Gems/1.8/gems/actionpack-2.3.2/lib/action_controller/vendor/rack-1.0/rack/methodoverride.rb:24:in `call'
/Library/Ruby/Gems/1.8/gems/actionpack-2.3.2/lib/action_controller/params_parser.rb:15:in `call'
/Library/Ruby/Gems/1.8/gems/actionpack-2.3.2/lib/action_controller/rewindable_input.rb:25:in `call'
/Library/Ruby/Gems/1.8/gems/actionpack-2.3.2/lib/action_controller/session/cookie_store.rb:93:in `call'
/Library/Ruby/Gems/1.8/gems/actionpack-2.3.2/lib/action_controller/reloader.rb:9:in `call'
/Library/Ruby/Gems/1.8/gems/actionpack-2.3.2/lib/action_controller/failsafe.rb:11:in `call'
/Library/Ruby/Gems/1.8/gems/actionpack-2.3.2/lib/action_controller/vendor/rack-1.0/rack/lock.rb:11:in `call'
/Library/Ruby/Gems/1.8/gems/actionpack-2.3.2/lib/action_controller/vendor/rack-1.0/rack/lock.rb:11:in `synchronize'
/Library/Ruby/Gems/1.8/gems/actionpack-2.3.2/lib/action_controller/vendor/rack-1.0/rack/lock.rb:11:in `call'
/Library/Ruby/Gems/1.8/gems/actionpack-2.3.2/lib/action_controller/dispatcher.rb:106:in `call'
/Library/Ruby/Gems/1.8/gems/rails-2.3.2/lib/rails/rack/static.rb:31:in `call'
/Library/Ruby/Gems/1.8/gems/actionpack-2.3.2/lib/action_controller/vendor/rack-1.0/rack/urlmap.rb:46:in `call'
/Library/Ruby/Gems/1.8/gems/actionpack-2.3.2/lib/action_controller/vendor/rack-1.0/rack/urlmap.rb:40:in `each'
/Library/Ruby/Gems/1.8/gems/actionpack-2.3.2/lib/action_controller/vendor/rack-1.0/rack/urlmap.rb:40:in `call'
/Library/Ruby/Gems/1.8/gems/rails-2.3.2/lib/rails/rack/log_tailer.rb:17:in `call'
/Library/Ruby/Gems/1.8/gems/actionpack-2.3.2/lib/action_controller/vendor/rack-1.0/rack/content_length.rb:13:in `call'
/Library/Ruby/Gems/1.8/gems/actionpack-2.3.2/lib/action_controller/vendor/rack-1.0/rack/chunked.rb:15:in `call'
/Library/Ruby/Gems/1.8/gems/actionpack-2.3.2/lib/action_controller/vendor/rack-1.0/rack/handler/mongrel.rb:61:in `process'
/Library/Ruby/Gems/1.8/gems/mongrel-1.1.5/lib/mongrel.rb:159:in `process_client'
/Library/Ruby/Gems/1.8/gems/mongrel-1.1.5/lib/mongrel.rb:158:in `each'
/Library/Ruby/Gems/1.8/gems/mongrel-1.1.5/lib/mongrel.rb:158:in `process_client'
/Library/Ruby/Gems/1.8/gems/mongrel-1.1.5/lib/mongrel.rb:285:in `run'
/Library/Ruby/Gems/1.8/gems/mongrel-1.1.5/lib/mongrel.rb:285:in `initialize'
/Library/Ruby/Gems/1.8/gems/mongrel-1.1.5/lib/mongrel.rb:285:in `new'
/Library/Ruby/Gems/1.8/gems/mongrel-1.1.5/lib/mongrel.rb:285:in `run'
/Library/Ruby/Gems/1.8/gems/mongrel-1.1.5/lib/mongrel.rb:268:in `initialize'
/Library/Ruby/Gems/1.8/gems/mongrel-1.1.5/lib/mongrel.rb:268:in `new'
/Library/Ruby/Gems/1.8/gems/mongrel-1.1.5/lib/mongrel.rb:268:in `run'
/Library/Ruby/Gems/1.8/gems/actionpack-2.3.2/lib/action_controller/vendor/rack-1.0/rack/handler/mongrel.rb:34:in `run'
/Library/Ruby/Gems/1.8/gems/rails-2.3.2/lib/commands/server.rb:111
/Library/Ruby/Site/1.8/rubygems/custom_require.rb:31:in `gem_original_require'
/Library/Ruby/Site/1.8/rubygems/custom_require.rb:31:in `require'
script/server:3

ActionView::TemplateError (compile error
/Users/sfrederick/ruby_on_rails/rocket/app/views/rocket/index.html.erb:38: syntax error, unexpected kENSURE, expecting $end) on line #38 of app/views/rocket/index.html.erb:
35:     <% end %>
36:   </div>
37: </html>

    app/views/rocket/index.html.erb:38:in `compile!'

Rendered rescues/_trace (74.4ms)
Rendered rescues/_request_and_response (1.3ms)
Rendering rescues/layout (internal_server_error)


Processing RocketController#index (for 127.0.0.1 at 2009-07-29 22:36:14) [GET]
Rendering rocket/index
ERROR: compiling _run_erb_app47views47rocket47index46html46erb RAISED compile error
/Users/sfrederick/ruby_on_rails/rocket/app/views/rocket/index.html.erb:39: syntax error, unexpected kENSURE, expecting $end
Function body:           def _run_erb_app47views47rocket47index46html46erb(local_assigns)
            old_output_buffer = output_buffer;;@output_buffer = '';  __in_erb_template=true ; @output_buffer.concat "<!DOCTYPE html PUBLIC \"-//W3C//DTD XHTML 1.0 Transitional//EN\"\n"
@output_buffer.concat "       \"http://www.w3.org/TR/xhtml1/DTD/xhtml1-transitional.dtd\">\n"
@output_buffer.concat "\n"
@output_buffer.concat "<html>\n"
@output_buffer.concat "\n"
@output_buffer.concat "  <head>\n"
@output_buffer.concat "    <title>To Rocket!</title>\n"
@output_buffer.concat "    "; @output_buffer.concat(( stylesheet_link_tag 'rocket').to_s); @output_buffer.concat "\n"
@output_buffer.concat "  </head>\n"
@output_buffer.concat "\n"
@output_buffer.concat "  ";  image_tag("rocket.png") ; @output_buffer.concat "\n"
@output_buffer.concat "  ";  end ; @output_buffer.concat "\n"
@output_buffer.concat "  <h1>Welcome to Rocket</h1>\n"
@output_buffer.concat "\n"
@output_buffer.concat "  \n"
@output_buffer.concat "  <div class=\"rocket-form\">\n"
@output_buffer.concat "    ";  form_tag do ; @output_buffer.concat "\n"
@output_buffer.concat "      <fieldset>\n"
@output_buffer.concat "        <legend>Please Log In</legend>\n"
@output_buffer.concat "\n"
@output_buffer.concat "        <div>\n"
@output_buffer.concat "          <label for=\"name\">Name:</label>\n"
@output_buffer.concat "          "; @output_buffer.concat(( text_field_tag :name, params[:name] ).to_s); @output_buffer.concat "\n"
@output_buffer.concat "        </div>\n"
@output_buffer.concat "\n"
@output_buffer.concat "        <div>\n"
@output_buffer.concat "          <label for=\"password\">Password:</label>\n"
@output_buffer.concat "          "; @output_buffer.concat(( password_field_tag :password, params[:password] ).to_s); @output_buffer.concat "\n"
@output_buffer.concat "        </div>\n"
@output_buffer.concat "\n"
@output_buffer.concat "        <div>\n"
@output_buffer.concat "          "; @output_buffer.concat(( submit_tag "Login" ).to_s); @output_buffer.concat "\n"
@output_buffer.concat "        </div>\n"
@output_buffer.concat "\n"
@output_buffer.concat "      </fieldset>\n"
@output_buffer.concat "    ";  end ; @output_buffer.concat "\n"
@output_buffer.concat "  </div>\n"
@output_buffer.concat "</html>"; @output_buffer
          ensure
            self.output_buffer = old_output_buffer
          end
Backtrace: /Users/sfrederick/ruby_on_rails/rocket/app/views/rocket/index.html.erb:39:in `compile!'
/Library/Ruby/Gems/1.8/gems/actionpack-2.3.2/lib/action_view/renderable.rb:61:in `compile'
/Library/Ruby/Gems/1.8/gems/actionpack-2.3.2/lib/action_view/renderable.rb:28:in `render'
/Library/Ruby/Gems/1.8/gems/actionpack-2.3.2/lib/action_view/template.rb:194:in `render_template'
/Library/Ruby/Gems/1.8/gems/actionpack-2.3.2/lib/action_view/base.rb:260:in `render'
/Library/Ruby/Gems/1.8/gems/actionpack-2.3.2/lib/action_controller/base.rb:1241:in `render_for_file'
/Library/Ruby/Gems/1.8/gems/actionpack-2.3.2/lib/action_controller/base.rb:937:in `render_without_benchmark'
/Library/Ruby/Gems/1.8/gems/actionpack-2.3.2/lib/action_controller/benchmarking.rb:51:in `render'
/Library/Ruby/Gems/1.8/gems/activesupport-2.3.2/lib/active_support/core_ext/benchmark.rb:17:in `ms'
/Library/Ruby/Gems/1.8/gems/activesupport-2.3.2/lib/active_support/core_ext/benchmark.rb:10:in `realtime'
/Library/Ruby/Gems/1.8/gems/activesupport-2.3.2/lib/active_support/core_ext/benchmark.rb:17:in `ms'
/Library/Ruby/Gems/1.8/gems/actionpack-2.3.2/lib/action_controller/benchmarking.rb:51:in `render'
/Library/Ruby/Gems/1.8/gems/actionpack-2.3.2/lib/action_controller/base.rb:1317:in `default_render'
/Library/Ruby/Gems/1.8/gems/actionpack-2.3.2/lib/action_controller/base.rb:1323:in `perform_action_without_filters'
/Library/Ruby/Gems/1.8/gems/actionpack-2.3.2/lib/action_controller/filters.rb:617:in `call_filters'
/Library/Ruby/Gems/1.8/gems/actionpack-2.3.2/lib/action_controller/filters.rb:610:in `perform_action_without_benchmark'
/Library/Ruby/Gems/1.8/gems/actionpack-2.3.2/lib/action_controller/benchmarking.rb:68:in `perform_action_without_rescue'
/Library/Ruby/Gems/1.8/gems/activesupport-2.3.2/lib/active_support/core_ext/benchmark.rb:17:in `ms'
/Library/Ruby/Gems/1.8/gems/activesupport-2.3.2/lib/active_support/core_ext/benchmark.rb:10:in `realtime'
/Library/Ruby/Gems/1.8/gems/activesupport-2.3.2/lib/active_support/core_ext/benchmark.rb:17:in `ms'
/Library/Ruby/Gems/1.8/gems/actionpack-2.3.2/lib/action_controller/benchmarking.rb:68:in `perform_action_without_rescue'
/Library/Ruby/Gems/1.8/gems/actionpack-2.3.2/lib/action_controller/rescue.rb:160:in `perform_action_without_flash'
/Library/Ruby/Gems/1.8/gems/actionpack-2.3.2/lib/action_controller/flash.rb:141:in `perform_action'
/Library/Ruby/Gems/1.8/gems/actionpack-2.3.2/lib/action_controller/base.rb:523:in `send'
/Library/Ruby/Gems/1.8/gems/actionpack-2.3.2/lib/action_controller/base.rb:523:in `process_without_filters'
/Library/Ruby/Gems/1.8/gems/actionpack-2.3.2/lib/action_controller/filters.rb:606:in `process'
/Library/Ruby/Gems/1.8/gems/actionpack-2.3.2/lib/action_controller/base.rb:391:in `process'
/Library/Ruby/Gems/1.8/gems/actionpack-2.3.2/lib/action_controller/base.rb:386:in `call'
/Library/Ruby/Gems/1.8/gems/actionpack-2.3.2/lib/action_controller/routing/route_set.rb:433:in `call'
/Library/Ruby/Gems/1.8/gems/actionpack-2.3.2/lib/action_controller/dispatcher.rb:88:in `dispatch'
/Library/Ruby/Gems/1.8/gems/actionpack-2.3.2/lib/action_controller/dispatcher.rb:111:in `_call'
/Library/Ruby/Gems/1.8/gems/actionpack-2.3.2/lib/action_controller/dispatcher.rb:82:in `initialize'
/Library/Ruby/Gems/1.8/gems/activerecord-2.3.2/lib/active_record/query_cache.rb:29:in `call'
/Library/Ruby/Gems/1.8/gems/activerecord-2.3.2/lib/active_record/query_cache.rb:29:in `call'
/Library/Ruby/Gems/1.8/gems/activerecord-2.3.2/lib/active_record/connection_adapters/abstract/query_cache.rb:34:in `cache'
/Library/Ruby/Gems/1.8/gems/activerecord-2.3.2/lib/active_record/query_cache.rb:9:in `cache'
/Library/Ruby/Gems/1.8/gems/activerecord-2.3.2/lib/active_record/query_cache.rb:28:in `call'
/Library/Ruby/Gems/1.8/gems/activerecord-2.3.2/lib/active_record/connection_adapters/abstract/connection_pool.rb:361:in `call'
/Library/Ruby/Gems/1.8/gems/actionpack-2.3.2/lib/action_controller/vendor/rack-1.0/rack/head.rb:9:in `call'
/Library/Ruby/Gems/1.8/gems/actionpack-2.3.2/lib/action_controller/vendor/rack-1.0/rack/methodoverride.rb:24:in `call'
/Library/Ruby/Gems/1.8/gems/actionpack-2.3.2/lib/action_controller/params_parser.rb:15:in `call'
/Library/Ruby/Gems/1.8/gems/actionpack-2.3.2/lib/action_controller/rewindable_input.rb:25:in `call'
/Library/Ruby/Gems/1.8/gems/actionpack-2.3.2/lib/action_controller/session/cookie_store.rb:93:in `call'
/Library/Ruby/Gems/1.8/gems/actionpack-2.3.2/lib/action_controller/reloader.rb:9:in `call'
/Library/Ruby/Gems/1.8/gems/actionpack-2.3.2/lib/action_controller/failsafe.rb:11:in `call'
/Library/Ruby/Gems/1.8/gems/actionpack-2.3.2/lib/action_controller/vendor/rack-1.0/rack/lock.rb:11:in `call'
/Library/Ruby/Gems/1.8/gems/actionpack-2.3.2/lib/action_controller/vendor/rack-1.0/rack/lock.rb:11:in `synchronize'
/Library/Ruby/Gems/1.8/gems/actionpack-2.3.2/lib/action_controller/vendor/rack-1.0/rack/lock.rb:11:in `call'
/Library/Ruby/Gems/1.8/gems/actionpack-2.3.2/lib/action_controller/dispatcher.rb:106:in `call'
/Library/Ruby/Gems/1.8/gems/rails-2.3.2/lib/rails/rack/static.rb:31:in `call'
/Library/Ruby/Gems/1.8/gems/actionpack-2.3.2/lib/action_controller/vendor/rack-1.0/rack/urlmap.rb:46:in `call'
/Library/Ruby/Gems/1.8/gems/actionpack-2.3.2/lib/action_controller/vendor/rack-1.0/rack/urlmap.rb:40:in `each'
/Library/Ruby/Gems/1.8/gems/actionpack-2.3.2/lib/action_controller/vendor/rack-1.0/rack/urlmap.rb:40:in `call'
/Library/Ruby/Gems/1.8/gems/rails-2.3.2/lib/rails/rack/log_tailer.rb:17:in `call'
/Library/Ruby/Gems/1.8/gems/actionpack-2.3.2/lib/action_controller/vendor/rack-1.0/rack/content_length.rb:13:in `call'
/Library/Ruby/Gems/1.8/gems/actionpack-2.3.2/lib/action_controller/vendor/rack-1.0/rack/chunked.rb:15:in `call'
/Library/Ruby/Gems/1.8/gems/actionpack-2.3.2/lib/action_controller/vendor/rack-1.0/rack/handler/mongrel.rb:61:in `process'
/Library/Ruby/Gems/1.8/gems/mongrel-1.1.5/lib/mongrel.rb:159:in `process_client'
/Library/Ruby/Gems/1.8/gems/mongrel-1.1.5/lib/mongrel.rb:158:in `each'
/Library/Ruby/Gems/1.8/gems/mongrel-1.1.5/lib/mongrel.rb:158:in `process_client'
/Library/Ruby/Gems/1.8/gems/mongrel-1.1.5/lib/mongrel.rb:285:in `run'
/Library/Ruby/Gems/1.8/gems/mongrel-1.1.5/lib/mongrel.rb:285:in `initialize'
/Library/Ruby/Gems/1.8/gems/mongrel-1.1.5/lib/mongrel.rb:285:in `new'
/Library/Ruby/Gems/1.8/gems/mongrel-1.1.5/lib/mongrel.rb:285:in `run'
/Library/Ruby/Gems/1.8/gems/mongrel-1.1.5/lib/mongrel.rb:268:in `initialize'
/Library/Ruby/Gems/1.8/gems/mongrel-1.1.5/lib/mongrel.rb:268:in `new'
/Library/Ruby/Gems/1.8/gems/mongrel-1.1.5/lib/mongrel.rb:268:in `run'
/Library/Ruby/Gems/1.8/gems/actionpack-2.3.2/lib/action_controller/vendor/rack-1.0/rack/handler/mongrel.rb:34:in `run'
/Library/Ruby/Gems/1.8/gems/rails-2.3.2/lib/commands/server.rb:111
/Library/Ruby/Site/1.8/rubygems/custom_require.rb:31:in `gem_original_require'
/Library/Ruby/Site/1.8/rubygems/custom_require.rb:31:in `require'
script/server:3

ActionView::TemplateError (compile error
/Users/sfrederick/ruby_on_rails/rocket/app/views/rocket/index.html.erb:39: syntax error, unexpected kENSURE, expecting $end) on line #39 of app/views/rocket/index.html.erb:
36:     <% end %>
37:   </div>
38: </html>

    app/views/rocket/index.html.erb:39:in `compile!'

Rendered rescues/_trace (31.6ms)
Rendered rescues/_request_and_response (0.2ms)
Rendering rescues/layout (internal_server_error)


Processing RocketController#index (for 127.0.0.1 at 2009-07-29 22:36:15) [GET]
Rendering rocket/index
ERROR: compiling _run_erb_app47views47rocket47index46html46erb RAISED compile error
/Users/sfrederick/ruby_on_rails/rocket/app/views/rocket/index.html.erb:39: syntax error, unexpected kENSURE, expecting $end
Function body:           def _run_erb_app47views47rocket47index46html46erb(local_assigns)
            old_output_buffer = output_buffer;;@output_buffer = '';  __in_erb_template=true ; @output_buffer.concat "<!DOCTYPE html PUBLIC \"-//W3C//DTD XHTML 1.0 Transitional//EN\"\n"
@output_buffer.concat "       \"http://www.w3.org/TR/xhtml1/DTD/xhtml1-transitional.dtd\">\n"
@output_buffer.concat "\n"
@output_buffer.concat "<html>\n"
@output_buffer.concat "\n"
@output_buffer.concat "  <head>\n"
@output_buffer.concat "    <title>To Rocket!</title>\n"
@output_buffer.concat "    "; @output_buffer.concat(( stylesheet_link_tag 'rocket').to_s); @output_buffer.concat "\n"
@output_buffer.concat "  </head>\n"
@output_buffer.concat "\n"
@output_buffer.concat "  ";  image_tag("rocket.png") ; @output_buffer.concat "\n"
@output_buffer.concat "  ";  end ; @output_buffer.concat "\n"
@output_buffer.concat "  <h1>Welcome to Rocket</h1>\n"
@output_buffer.concat "\n"
@output_buffer.concat "  \n"
@output_buffer.concat "  <div class=\"rocket-form\">\n"
@output_buffer.concat "    ";  form_tag do ; @output_buffer.concat "\n"
@output_buffer.concat "      <fieldset>\n"
@output_buffer.concat "        <legend>Please Log In</legend>\n"
@output_buffer.concat "\n"
@output_buffer.concat "        <div>\n"
@output_buffer.concat "          <label for=\"name\">Name:</label>\n"
@output_buffer.concat "          "; @output_buffer.concat(( text_field_tag :name, params[:name] ).to_s); @output_buffer.concat "\n"
@output_buffer.concat "        </div>\n"
@output_buffer.concat "\n"
@output_buffer.concat "        <div>\n"
@output_buffer.concat "          <label for=\"password\">Password:</label>\n"
@output_buffer.concat "          "; @output_buffer.concat(( password_field_tag :password, params[:password] ).to_s); @output_buffer.concat "\n"
@output_buffer.concat "        </div>\n"
@output_buffer.concat "\n"
@output_buffer.concat "        <div>\n"
@output_buffer.concat "          "; @output_buffer.concat(( submit_tag "Login" ).to_s); @output_buffer.concat "\n"
@output_buffer.concat "        </div>\n"
@output_buffer.concat "\n"
@output_buffer.concat "      </fieldset>\n"
@output_buffer.concat "    ";  end ; @output_buffer.concat "\n"
@output_buffer.concat "  </div>\n"
@output_buffer.concat "</html>"; @output_buffer
          ensure
            self.output_buffer = old_output_buffer
          end
Backtrace: /Users/sfrederick/ruby_on_rails/rocket/app/views/rocket/index.html.erb:39:in `compile!'
/Library/Ruby/Gems/1.8/gems/actionpack-2.3.2/lib/action_view/renderable.rb:61:in `compile'
/Library/Ruby/Gems/1.8/gems/actionpack-2.3.2/lib/action_view/renderable.rb:28:in `render'
/Library/Ruby/Gems/1.8/gems/actionpack-2.3.2/lib/action_view/template.rb:194:in `render_template'
/Library/Ruby/Gems/1.8/gems/actionpack-2.3.2/lib/action_view/base.rb:260:in `render'
/Library/Ruby/Gems/1.8/gems/actionpack-2.3.2/lib/action_controller/base.rb:1241:in `render_for_file'
/Library/Ruby/Gems/1.8/gems/actionpack-2.3.2/lib/action_controller/base.rb:937:in `render_without_benchmark'
/Library/Ruby/Gems/1.8/gems/actionpack-2.3.2/lib/action_controller/benchmarking.rb:51:in `render'
/Library/Ruby/Gems/1.8/gems/activesupport-2.3.2/lib/active_support/core_ext/benchmark.rb:17:in `ms'
/Library/Ruby/Gems/1.8/gems/activesupport-2.3.2/lib/active_support/core_ext/benchmark.rb:10:in `realtime'
/Library/Ruby/Gems/1.8/gems/activesupport-2.3.2/lib/active_support/core_ext/benchmark.rb:17:in `ms'
/Library/Ruby/Gems/1.8/gems/actionpack-2.3.2/lib/action_controller/benchmarking.rb:51:in `render'
/Library/Ruby/Gems/1.8/gems/actionpack-2.3.2/lib/action_controller/base.rb:1317:in `default_render'
/Library/Ruby/Gems/1.8/gems/actionpack-2.3.2/lib/action_controller/base.rb:1323:in `perform_action_without_filters'
/Library/Ruby/Gems/1.8/gems/actionpack-2.3.2/lib/action_controller/filters.rb:617:in `call_filters'
/Library/Ruby/Gems/1.8/gems/actionpack-2.3.2/lib/action_controller/filters.rb:610:in `perform_action_without_benchmark'
/Library/Ruby/Gems/1.8/gems/actionpack-2.3.2/lib/action_controller/benchmarking.rb:68:in `perform_action_without_rescue'
/Library/Ruby/Gems/1.8/gems/activesupport-2.3.2/lib/active_support/core_ext/benchmark.rb:17:in `ms'
/Library/Ruby/Gems/1.8/gems/activesupport-2.3.2/lib/active_support/core_ext/benchmark.rb:10:in `realtime'
/Library/Ruby/Gems/1.8/gems/activesupport-2.3.2/lib/active_support/core_ext/benchmark.rb:17:in `ms'
/Library/Ruby/Gems/1.8/gems/actionpack-2.3.2/lib/action_controller/benchmarking.rb:68:in `perform_action_without_rescue'
/Library/Ruby/Gems/1.8/gems/actionpack-2.3.2/lib/action_controller/rescue.rb:160:in `perform_action_without_flash'
/Library/Ruby/Gems/1.8/gems/actionpack-2.3.2/lib/action_controller/flash.rb:141:in `perform_action'
/Library/Ruby/Gems/1.8/gems/actionpack-2.3.2/lib/action_controller/base.rb:523:in `send'
/Library/Ruby/Gems/1.8/gems/actionpack-2.3.2/lib/action_controller/base.rb:523:in `process_without_filters'
/Library/Ruby/Gems/1.8/gems/actionpack-2.3.2/lib/action_controller/filters.rb:606:in `process'
/Library/Ruby/Gems/1.8/gems/actionpack-2.3.2/lib/action_controller/base.rb:391:in `process'
/Library/Ruby/Gems/1.8/gems/actionpack-2.3.2/lib/action_controller/base.rb:386:in `call'
/Library/Ruby/Gems/1.8/gems/actionpack-2.3.2/lib/action_controller/routing/route_set.rb:433:in `call'
/Library/Ruby/Gems/1.8/gems/actionpack-2.3.2/lib/action_controller/dispatcher.rb:88:in `dispatch'
/Library/Ruby/Gems/1.8/gems/actionpack-2.3.2/lib/action_controller/dispatcher.rb:111:in `_call'
/Library/Ruby/Gems/1.8/gems/actionpack-2.3.2/lib/action_controller/dispatcher.rb:82:in `initialize'
/Library/Ruby/Gems/1.8/gems/activerecord-2.3.2/lib/active_record/query_cache.rb:29:in `call'
/Library/Ruby/Gems/1.8/gems/activerecord-2.3.2/lib/active_record/query_cache.rb:29:in `call'
/Library/Ruby/Gems/1.8/gems/activerecord-2.3.2/lib/active_record/connection_adapters/abstract/query_cache.rb:34:in `cache'
/Library/Ruby/Gems/1.8/gems/activerecord-2.3.2/lib/active_record/query_cache.rb:9:in `cache'
/Library/Ruby/Gems/1.8/gems/activerecord-2.3.2/lib/active_record/query_cache.rb:28:in `call'
/Library/Ruby/Gems/1.8/gems/activerecord-2.3.2/lib/active_record/connection_adapters/abstract/connection_pool.rb:361:in `call'
/Library/Ruby/Gems/1.8/gems/actionpack-2.3.2/lib/action_controller/vendor/rack-1.0/rack/head.rb:9:in `call'
/Library/Ruby/Gems/1.8/gems/actionpack-2.3.2/lib/action_controller/vendor/rack-1.0/rack/methodoverride.rb:24:in `call'
/Library/Ruby/Gems/1.8/gems/actionpack-2.3.2/lib/action_controller/params_parser.rb:15:in `call'
/Library/Ruby/Gems/1.8/gems/actionpack-2.3.2/lib/action_controller/rewindable_input.rb:25:in `call'
/Library/Ruby/Gems/1.8/gems/actionpack-2.3.2/lib/action_controller/session/cookie_store.rb:93:in `call'
/Library/Ruby/Gems/1.8/gems/actionpack-2.3.2/lib/action_controller/reloader.rb:9:in `call'
/Library/Ruby/Gems/1.8/gems/actionpack-2.3.2/lib/action_controller/failsafe.rb:11:in `call'
/Library/Ruby/Gems/1.8/gems/actionpack-2.3.2/lib/action_controller/vendor/rack-1.0/rack/lock.rb:11:in `call'
/Library/Ruby/Gems/1.8/gems/actionpack-2.3.2/lib/action_controller/vendor/rack-1.0/rack/lock.rb:11:in `synchronize'
/Library/Ruby/Gems/1.8/gems/actionpack-2.3.2/lib/action_controller/vendor/rack-1.0/rack/lock.rb:11:in `call'
/Library/Ruby/Gems/1.8/gems/actionpack-2.3.2/lib/action_controller/dispatcher.rb:106:in `call'
/Library/Ruby/Gems/1.8/gems/rails-2.3.2/lib/rails/rack/static.rb:31:in `call'
/Library/Ruby/Gems/1.8/gems/actionpack-2.3.2/lib/action_controller/vendor/rack-1.0/rack/urlmap.rb:46:in `call'
/Library/Ruby/Gems/1.8/gems/actionpack-2.3.2/lib/action_controller/vendor/rack-1.0/rack/urlmap.rb:40:in `each'
/Library/Ruby/Gems/1.8/gems/actionpack-2.3.2/lib/action_controller/vendor/rack-1.0/rack/urlmap.rb:40:in `call'
/Library/Ruby/Gems/1.8/gems/rails-2.3.2/lib/rails/rack/log_tailer.rb:17:in `call'
/Library/Ruby/Gems/1.8/gems/actionpack-2.3.2/lib/action_controller/vendor/rack-1.0/rack/content_length.rb:13:in `call'
/Library/Ruby/Gems/1.8/gems/actionpack-2.3.2/lib/action_controller/vendor/rack-1.0/rack/chunked.rb:15:in `call'
/Library/Ruby/Gems/1.8/gems/actionpack-2.3.2/lib/action_controller/vendor/rack-1.0/rack/handler/mongrel.rb:61:in `process'
/Library/Ruby/Gems/1.8/gems/mongrel-1.1.5/lib/mongrel.rb:159:in `process_client'
/Library/Ruby/Gems/1.8/gems/mongrel-1.1.5/lib/mongrel.rb:158:in `each'
/Library/Ruby/Gems/1.8/gems/mongrel-1.1.5/lib/mongrel.rb:158:in `process_client'
/Library/Ruby/Gems/1.8/gems/mongrel-1.1.5/lib/mongrel.rb:285:in `run'
/Library/Ruby/Gems/1.8/gems/mongrel-1.1.5/lib/mongrel.rb:285:in `initialize'
/Library/Ruby/Gems/1.8/gems/mongrel-1.1.5/lib/mongrel.rb:285:in `new'
/Library/Ruby/Gems/1.8/gems/mongrel-1.1.5/lib/mongrel.rb:285:in `run'
/Library/Ruby/Gems/1.8/gems/mongrel-1.1.5/lib/mongrel.rb:268:in `initialize'
/Library/Ruby/Gems/1.8/gems/mongrel-1.1.5/lib/mongrel.rb:268:in `new'
/Library/Ruby/Gems/1.8/gems/mongrel-1.1.5/lib/mongrel.rb:268:in `run'
/Library/Ruby/Gems/1.8/gems/actionpack-2.3.2/lib/action_controller/vendor/rack-1.0/rack/handler/mongrel.rb:34:in `run'
/Library/Ruby/Gems/1.8/gems/rails-2.3.2/lib/commands/server.rb:111
/Library/Ruby/Site/1.8/rubygems/custom_require.rb:31:in `gem_original_require'
/Library/Ruby/Site/1.8/rubygems/custom_require.rb:31:in `require'
script/server:3

ActionView::TemplateError (compile error
/Users/sfrederick/ruby_on_rails/rocket/app/views/rocket/index.html.erb:39: syntax error, unexpected kENSURE, expecting $end) on line #39 of app/views/rocket/index.html.erb:
36:     <% end %>
37:   </div>
38: </html>

    app/views/rocket/index.html.erb:39:in `compile!'

Rendered rescues/_trace (75.4ms)
Rendered rescues/_request_and_response (0.2ms)
Rendering rescues/layout (internal_server_error)


Processing RocketController#index (for 127.0.0.1 at 2009-07-29 22:38:52) [GET]
Rendering rocket/index
Completed in 5ms (View: 4, DB: 0) | 200 OK [http://0.0.0.0/rocket]


Processing RocketController#index (for 127.0.0.1 at 2009-07-29 22:39:45) [GET]
Rendering rocket/index
Completed in 5ms (View: 4, DB: 0) | 200 OK [http://0.0.0.0/rocket]


Processing RocketController#index (for 127.0.0.1 at 2009-07-29 22:44:35) [GET]
Rendering rocket/index
Completed in 2ms (View: 1, DB: 0) | 200 OK [http://0.0.0.0/rocket]


Processing RocketController#index (for 127.0.0.1 at 2009-07-29 22:46:47) [GET]
Rendering rocket/index
Completed in 3ms (View: 1, DB: 0) | 200 OK [http://0.0.0.0/rocket]


Processing RocketController#index (for 127.0.0.1 at 2009-07-29 22:47:17) [GET]
Rendering rocket/index
Completed in 2ms (View: 1, DB: 0) | 200 OK [http://0.0.0.0/rocket]


Processing RocketController#index (for 127.0.0.1 at 2009-07-29 22:47:19) [GET]
Rendering rocket/index
Completed in 3ms (View: 1, DB: 0) | 200 OK [http://0.0.0.0/rocket]


Processing RocketController#index (for 127.0.0.1 at 2009-07-29 22:48:18) [GET]
Rendering rocket/index
Completed in 3ms (View: 2, DB: 0) | 200 OK [http://0.0.0.0/rocket]


Processing RocketController#index (for 127.0.0.1 at 2009-07-29 23:19:38) [GET]
Rendering template within layouts/rocket
Rendering rocket/index

ActionView::TemplateError (uninitialized constant ActionView::Base::CompiledTemplates::LANGUAGES) on line #14 of app/views/layouts/rocket.html.erb:
11: 
12:   <div id="banner">
13:     <% form_tag '', :method => 'GET', :class => 'locale' do %>
14:       <%= select_tag 'locale', options_for_select(LANGUAGES, I18n.locale),
15:       :onchange => 'this.form.submit()' %>
16:       <%= submit_tag 'submit' %>
17:       <%= javascript_tag "$$('.locale input').each(Element.hide)" %>

    app/views/layouts/rocket.html.erb:14
    app/views/layouts/rocket.html.erb:13

Rendered rescues/_trace (36.1ms)
Rendered rescues/_request_and_response (0.2ms)
Rendering rescues/layout (internal_server_error)


Processing RocketController#index (for 127.0.0.1 at 2009-07-29 23:22:53) [GET]
Rendering template within layouts/rocket
Rendering rocket/index
Completed in 49ms (View: 48, DB: 0) | 200 OK [http://0.0.0.0/rocket]


Processing ApplicationController#index (for 127.0.0.1 at 2009-07-29 23:22:53) [GET]

ActionController::RoutingError (No route matches "/stylesheets/depot.css" with {:method=>:get}):
  

Rendering rescues/layout (not_found)


Processing RocketController#index (for 127.0.0.1 at 2009-07-29 23:23:31) [GET]
Rendering template within layouts/rocket
Rendering rocket/index
Completed in 7ms (View: 6, DB: 0) | 200 OK [http://0.0.0.0/rocket]


Processing ApplicationController#index (for 127.0.0.1 at 2009-07-29 23:23:31) [GET]

ActionController::RoutingError (No route matches "/stylesheets/depot.css" with {:method=>:get}):
  

Rendering rescues/layout (not_found)


Processing RocketController#index (for 127.0.0.1 at 2009-07-29 23:25:01) [GET]
Redirected to http://0.0.0.0:3000/rocket/login
Completed in 2ms (DB: 0) | 302 Found [http://0.0.0.0/rocket]


Processing RocketController#login (for 127.0.0.1 at 2009-07-29 23:25:01) [GET]
Rendering template within layouts/rocket
Rendering rocket/login
Completed in 6ms (View: 5, DB: 0) | 200 OK [http://0.0.0.0/rocket/login]


Processing ApplicationController#index (for 127.0.0.1 at 2009-07-29 23:25:02) [GET]

ActionController::RoutingError (No route matches "/stylesheets/depot.css" with {:method=>:get}):
  

Rendering rescues/layout (not_found)


Processing RocketController#index (for 127.0.0.1 at 2009-07-29 23:25:25) [GET]
Redirected to http://0.0.0.0:3000/rocket/login
Completed in 1ms (DB: 0) | 302 Found [http://0.0.0.0/rocket]


Processing RocketController#login (for 127.0.0.1 at 2009-07-29 23:25:25) [GET]
Rendering template within layouts/rocket
Rendering rocket/login
Completed in 7ms (View: 5, DB: 0) | 200 OK [http://0.0.0.0/rocket/login]


Processing RocketController#index (for 127.0.0.1 at 2009-07-29 23:26:28) [GET]
Redirected to http://0.0.0.0:3000/rocket/login
Completed in 1ms (DB: 0) | 302 Found [http://0.0.0.0/rocket]


Processing RocketController#login (for 127.0.0.1 at 2009-07-29 23:26:28) [GET]
Rendering template within layouts/rocket
Rendering rocket/login
Completed in 3ms (View: 2, DB: 0) | 200 OK [http://0.0.0.0/rocket/login]


Processing RocketController#index (for 127.0.0.1 at 2009-07-29 23:26:29) [GET]
Redirected to http://0.0.0.0:3000/rocket/login
Completed in 1ms (DB: 0) | 302 Found [http://0.0.0.0/rocket]


Processing RocketController#login (for 127.0.0.1 at 2009-07-29 23:26:29) [GET]
Rendering template within layouts/rocket
Rendering rocket/login
Completed in 3ms (View: 2, DB: 0) | 200 OK [http://0.0.0.0/rocket/login]


Processing RocketController#index (for 127.0.0.1 at 2009-07-29 23:32:45) [GET]
Redirected to http://0.0.0.0:3000/rocket/login
Completed in 1ms (DB: 0) | 302 Found [http://0.0.0.0/rocket]


Processing RocketController#login (for 127.0.0.1 at 2009-07-29 23:32:46) [GET]
Rendering template within layouts/rocket
Rendering rocket/login
Completed in 3ms (View: 2, DB: 0) | 200 OK [http://0.0.0.0/rocket/login]


Processing RocketController#index (for 127.0.0.1 at 2009-07-29 23:37:23) [GET]
Redirected to http://0.0.0.0:3000/rocket/login
Completed in 1ms (DB: 0) | 302 Found [http://0.0.0.0/rocket]


Processing RocketController#login (for 127.0.0.1 at 2009-07-29 23:37:23) [GET]
Rendering template within layouts/rocket
Rendering rocket/login
Completed in 3ms (View: 2, DB: 0) | 200 OK [http://0.0.0.0/rocket/login]


Processing RocketController#index (for 127.0.0.1 at 2009-07-29 23:38:21) [GET]
Redirected to http://0.0.0.0:3000/rocket/login
Completed in 1ms (DB: 0) | 302 Found [http://0.0.0.0/rocket]


Processing RocketController#login (for 127.0.0.1 at 2009-07-29 23:38:21) [GET]
Rendering template within layouts/rocket
Rendering rocket/login
Completed in 77ms (View: 75, DB: 0) | 200 OK [http://0.0.0.0/rocket/login]


Processing RocketController#index (for 127.0.0.1 at 2009-07-29 23:38:23) [GET]
Redirected to http://0.0.0.0:3000/rocket/login
Completed in 1ms (DB: 0) | 302 Found [http://0.0.0.0/rocket]


Processing RocketController#login (for 127.0.0.1 at 2009-07-29 23:38:23) [GET]
Rendering template within layouts/rocket
Rendering rocket/login
Completed in 3ms (View: 2, DB: 0) | 200 OK [http://0.0.0.0/rocket/login]


Processing RocketController#index (for 127.0.0.1 at 2009-07-29 23:44:13) [GET]
Redirected to http://0.0.0.0:3000/rocket/login
Completed in 1ms (DB: 0) | 302 Found [http://0.0.0.0/rocket]


Processing RocketController#login (for 127.0.0.1 at 2009-07-29 23:44:13) [GET]
Rendering template within layouts/rocket
Rendering rocket/login
Completed in 7ms (View: 5, DB: 0) | 200 OK [http://0.0.0.0/rocket/login]


Processing RocketController#index (for 127.0.0.1 at 2009-07-29 23:44:14) [GET]
Redirected to http://0.0.0.0:3000/rocket/login
Completed in 1ms (DB: 0) | 302 Found [http://0.0.0.0/rocket]


Processing RocketController#login (for 127.0.0.1 at 2009-07-29 23:44:14) [GET]
Rendering template within layouts/rocket
Rendering rocket/login
Completed in 3ms (View: 2, DB: 0) | 200 OK [http://0.0.0.0/rocket/login]


Processing RocketController#index (for 127.0.0.1 at 2009-07-29 23:44:32) [GET]
Redirected to http://0.0.0.0:3000/rocket/login
Completed in 1ms (DB: 0) | 302 Found [http://0.0.0.0/rocket]


Processing RocketController#login (for 127.0.0.1 at 2009-07-29 23:44:32) [GET]
Rendering template within layouts/rocket
Rendering rocket/login
Completed in 6ms (View: 5, DB: 0) | 200 OK [http://0.0.0.0/rocket/login]


Processing RocketController#index (for 127.0.0.1 at 2009-07-29 23:45:41) [GET]
Redirected to http://0.0.0.0:3000/rocket/login
Completed in 1ms (DB: 0) | 302 Found [http://0.0.0.0/rocket]


Processing RocketController#login (for 127.0.0.1 at 2009-07-29 23:45:41) [GET]
Rendering template within layouts/rocket
Rendering rocket/login
Completed in 7ms (View: 6, DB: 0) | 200 OK [http://0.0.0.0/rocket/login]


Processing RocketController#index (for 127.0.0.1 at 2009-07-29 23:46:01) [GET]
Redirected to http://0.0.0.0:3000/rocket/login
Completed in 1ms (DB: 0) | 302 Found [http://0.0.0.0/rocket]


Processing RocketController#login (for 127.0.0.1 at 2009-07-29 23:46:01) [GET]
Rendering template within layouts/rocket
Rendering rocket/login
Completed in 7ms (View: 6, DB: 0) | 200 OK [http://0.0.0.0/rocket/login]


Processing RocketController#index (for 127.0.0.1 at 2009-07-29 23:47:54) [GET]
Redirected to http://0.0.0.0:3000/rocket/login
Completed in 2ms (DB: 0) | 302 Found [http://0.0.0.0/rocket]


Processing RocketController#login (for 127.0.0.1 at 2009-07-29 23:47:54) [GET]
Rendering template within layouts/rocket
Rendering rocket/login
Completed in 8ms (View: 7, DB: 0) | 200 OK [http://0.0.0.0/rocket/login]


Processing RocketController#index (for 127.0.0.1 at 2009-07-29 23:48:06) [GET]
Redirected to http://0.0.0.0:3000/rocket/login
Completed in 1ms (DB: 0) | 302 Found [http://0.0.0.0/rocket]


Processing RocketController#login (for 127.0.0.1 at 2009-07-29 23:48:06) [GET]
Rendering template within layouts/rocket
Rendering rocket/login
Completed in 7ms (View: 5, DB: 0) | 200 OK [http://0.0.0.0/rocket/login]


Processing RocketController#index (for 127.0.0.1 at 2009-07-29 23:48:18) [GET]
Redirected to http://0.0.0.0:3000/rocket/login
Completed in 2ms (DB: 0) | 302 Found [http://0.0.0.0/rocket]


Processing RocketController#login (for 127.0.0.1 at 2009-07-29 23:48:18) [GET]
Rendering template within layouts/rocket
Rendering rocket/login
Completed in 6ms (View: 5, DB: 0) | 200 OK [http://0.0.0.0/rocket/login]


Processing RocketController#index (for 127.0.0.1 at 2009-07-29 23:48:46) [GET]
Redirected to http://0.0.0.0:3000/rocket/login
Completed in 1ms (DB: 0) | 302 Found [http://0.0.0.0/rocket]


Processing RocketController#login (for 127.0.0.1 at 2009-07-29 23:48:46) [GET]
Rendering template within layouts/rocket
Rendering rocket/login
Completed in 7ms (View: 5, DB: 0) | 200 OK [http://0.0.0.0/rocket/login]


Processing RocketController#index (for 127.0.0.1 at 2009-07-29 23:54:34) [GET]
Redirected to http://0.0.0.0:3000/rocket/login
Completed in 1ms (DB: 0) | 302 Found [http://0.0.0.0/rocket]


Processing RocketController#login (for 127.0.0.1 at 2009-07-29 23:54:34) [GET]
Rendering template within layouts/rocket
Rendering rocket/login
Completed in 7ms (View: 5, DB: 0) | 200 OK [http://0.0.0.0/rocket/login]


Processing RocketController#index (for 127.0.0.1 at 2009-07-29 23:54:47) [GET]
Redirected to http://0.0.0.0:3000/rocket/login
Completed in 1ms (DB: 0) | 302 Found [http://0.0.0.0/rocket]


Processing RocketController#login (for 127.0.0.1 at 2009-07-29 23:54:47) [GET]
Rendering template within layouts/rocket
Rendering rocket/login
Completed in 6ms (View: 5, DB: 0) | 200 OK [http://0.0.0.0/rocket/login]


Processing RocketController#index (for 127.0.0.1 at 2009-07-29 23:55:14) [GET]
Redirected to http://0.0.0.0:3000/rocket/login
Completed in 1ms (DB: 0) | 302 Found [http://0.0.0.0/rocket]


Processing RocketController#login (for 127.0.0.1 at 2009-07-29 23:55:14) [GET]
Rendering template within layouts/rocket
Rendering rocket/login
Completed in 6ms (View: 5, DB: 0) | 200 OK [http://0.0.0.0/rocket/login]


Processing RocketController#index (for 127.0.0.1 at 2009-07-29 23:58:52) [GET]
Redirected to http://0.0.0.0:3000/rocket/login
Completed in 1ms (DB: 0) | 302 Found [http://0.0.0.0/rocket]


Processing RocketController#login (for 127.0.0.1 at 2009-07-29 23:58:53) [GET]
Rendering template within layouts/rocket
Rendering rocket/login
Completed in 7ms (View: 6, DB: 0) | 200 OK [http://0.0.0.0/rocket/login]


Processing RocketController#index (for 127.0.0.1 at 2009-07-29 23:59:49) [GET]
Redirected to http://0.0.0.0:3000/rocket/login
Completed in 1ms (DB: 0) | 302 Found [http://0.0.0.0/rocket]


Processing RocketController#login (for 127.0.0.1 at 2009-07-29 23:59:49) [GET]
Rendering template within layouts/rocket
Rendering rocket/login
Completed in 7ms (View: 5, DB: 0) | 200 OK [http://0.0.0.0/rocket/login]


Processing RocketController#index (for 127.0.0.1 at 2009-07-30 00:03:14) [GET]
Redirected to http://0.0.0.0:3000/rocket/login
Completed in 1ms (DB: 0) | 302 Found [http://0.0.0.0/rocket]


Processing RocketController#login (for 127.0.0.1 at 2009-07-30 00:03:14) [GET]
Rendering template within layouts/rocket
Rendering rocket/login
Completed in 6ms (View: 5, DB: 0) | 200 OK [http://0.0.0.0/rocket/login]


Processing RocketController#index (for 127.0.0.1 at 2009-07-30 00:09:08) [GET]

NoMethodError (You have a nil object when you didn't expect it!
You might have expected an instance of Array.
The error occurred while evaluating nil.empty?):
  app/controllers/rocket_controller.rb:4:in `index'

Rendered rescues/_trace (28.0ms)
Rendered rescues/_request_and_response (1.4ms)
Rendering rescues/layout (internal_server_error)


Processing RocketController#index (for 127.0.0.1 at 2009-07-30 00:09:22) [GET]
Redirected to http://0.0.0.0:3000/rocket/login

ActionController::DoubleRenderError (Render and/or redirect were called multiple times in this action. Please note that you may only call render OR redirect, and at most once per action. Also note that neither redirect nor render terminate execution of the action, so if you want to exit an action after redirecting, you need to do something like "redirect_to(...) and return".):
  app/controllers/rocket_controller.rb:7:in `index'

Rendered rescues/_trace (27.4ms)
Rendered rescues/_request_and_response (0.2ms)
Rendering rescues/layout (internal_server_error)


Processing RocketController#index (for 127.0.0.1 at 2009-07-30 00:15:31) [GET]
Redirected to http://0.0.0.0:3000/rocket/login
Completed in 1ms (DB: 0) | 302 Found [http://0.0.0.0/rocket]


Processing RocketController#login (for 127.0.0.1 at 2009-07-30 00:15:32) [GET]
Rendering template within layouts/rocket
Rendering rocket/login
Completed in 3ms (View: 2, DB: 0) | 200 OK [http://0.0.0.0/rocket/login]


Processing RocketController#login (for 127.0.0.1 at 2009-07-30 00:15:40) [POST]
  Parameters: {"name"=>"admin", "commit"=>"Login", "authenticity_token"=>"u6o6rcIKfQqZUrFYrX3pgod+dwASv2BK4Yctm0/iwtY=", "password"=>"pwd"}
  [4;36;1mSQL (0.2ms)[0m   [0;1m SELECT name
 FROM sqlite_master
 WHERE type = 'table' AND NOT name = 'sqlite_sequence'
[0m

NoMethodError (undefined method `find_by_name' for #<Class:0x19d4b34>):
  app/models/user.rb:12:in `authenticate'
  app/controllers/rocket_controller.rb:9:in `login'

Rendered rescues/_trace (27.0ms)
Rendered rescues/_request_and_response (0.3ms)
Rendering rescues/layout (internal_server_error)


Processing RocketController#login (for 127.0.0.1 at 2009-07-30 00:24:30) [POST]
  Parameters: {"name"=>"admin", "commit"=>"Login", "authenticity_token"=>"u6o6rcIKfQqZUrFYrX3pgod+dwASv2BK4Yctm0/iwtY=", "password"=>"pwd"}
  [4;35;1mUser Load (0.3ms)[0m   [0mSELECT * FROM "users" WHERE ("users"."username" = 'admin') LIMIT 1[0m
Redirected to http://0.0.0.0:3000/rocket/status
Completed in 31ms (DB: 0) | 302 Found [http://0.0.0.0/rocket/login]


Processing RocketController#status (for 127.0.0.1 at 2009-07-30 00:24:30) [GET]

ActionView::MissingTemplate (Missing template rocket/status.erb in view path app/views):
  

Rendering rescues/layout (internal_server_error)


Processing RocketController#index (for 127.0.0.1 at 2009-07-30 00:24:40) [GET]
Redirected to http://0.0.0.0:3000/rocket/login
Completed in 2ms (DB: 0) | 302 Found [http://0.0.0.0/rocket/]


Processing RocketController#login (for 127.0.0.1 at 2009-07-30 00:24:40) [GET]
Rendering template within layouts/rocket
Rendering rocket/login
Completed in 4ms (View: 3, DB: 0) | 200 OK [http://0.0.0.0/rocket/login]


Processing RocketController#login (for 127.0.0.1 at 2009-07-30 00:24:48) [POST]
  Parameters: {"name"=>"admin", "commit"=>"Login", "authenticity_token"=>"u6o6rcIKfQqZUrFYrX3pgod+dwASv2BK4Yctm0/iwtY=", "password"=>"pwd"}
  [4;36;1mUser Load (0.2ms)[0m   [0;1mSELECT * FROM "users" WHERE ("users"."username" = 'admin') LIMIT 1[0m
Redirected to http://0.0.0.0:3000/rocket/status
Completed in 6ms (DB: 0) | 302 Found [http://0.0.0.0/rocket/login]


Processing RocketController#status (for 127.0.0.1 at 2009-07-30 00:24:48) [GET]

ActionView::MissingTemplate (Missing template rocket/status.erb in view path app/views):
  

Rendering rescues/layout (internal_server_error)


Processing RocketController#status (for 127.0.0.1 at 2009-07-30 00:25:21) [GET]

ActionView::MissingTemplate (Missing template rocket/status.erb in view path app/views):
  

Rendering rescues/layout (internal_server_error)


Processing RocketController#login (for 127.0.0.1 at 2009-07-30 00:25:26) [POST]
  Parameters: {"name"=>"admin", "commit"=>"Login", "authenticity_token"=>"u6o6rcIKfQqZUrFYrX3pgod+dwASv2BK4Yctm0/iwtY=", "password"=>"junk"}
  [4;35;1mUser Load (0.2ms)[0m   [0mSELECT * FROM "users" WHERE ("users"."username" = 'admin') LIMIT 1[0m
Rendering template within layouts/rocket
Rendering rocket/login
Completed in 8ms (View: 2, DB: 0) | 200 OK [http://0.0.0.0/rocket/login]


Processing ApplicationController#index (for 127.0.0.1 at 2009-07-30 00:27:57) [GET]

ActionController::RoutingError (No route matches "/status" with {:method=>:get}):
  

Rendering rescues/layout (not_found)


Processing UsersController#index (for 127.0.0.1 at 2009-07-30 00:28:02) [GET]
  [4;36;1mUser Load (0.5ms)[0m   [0;1mSELECT * FROM "users" [0m
Rendering template within layouts/users
Rendering users/index
Completed in 15ms (View: 11, DB: 0) | 200 OK [http://0.0.0.0/users]


Processing UsersController#show (for 127.0.0.1 at 2009-07-30 00:28:55) [GET]
  Parameters: {"id"=>"edit"}
  [4;35;1mUser Load (0.1ms)[0m   [0mSELECT * FROM "users" WHERE ("users"."id" = 0) [0m

ActiveRecord::RecordNotFound (Couldn't find User with ID=edit):
  app/controllers/users_controller.rb:16:in `show'

Rendered rescues/_trace (28.0ms)
Rendered rescues/_request_and_response (0.2ms)
Rendering rescues/layout (not_found)


Processing UsersController#index (for 127.0.0.1 at 2009-07-30 00:36:16) [GET]
  [4;36;1mUser Load (0.4ms)[0m   [0;1mSELECT * FROM "users" [0m
Rendering template within layouts/users
Rendering users/index
Completed in 8ms (View: 4, DB: 0) | 200 OK [http://0.0.0.0/users]


Processing UsersController#show (for 127.0.0.1 at 2009-07-30 00:36:19) [GET]
  Parameters: {"id"=>"1"}
  [4;35;1mUser Load (0.2ms)[0m   [0mSELECT * FROM "users" WHERE ("users"."id" = 1) [0m
Rendering template within layouts/users
Rendering users/show
Completed in 9ms (View: 4, DB: 0) | 200 OK [http://0.0.0.0/users/1]


Processing RocketController#login (for 127.0.0.1 at 2009-07-30 00:40:22) [POST]
  Parameters: {"name"=>"admin", "commit"=>"Login", "authenticity_token"=>"u6o6rcIKfQqZUrFYrX3pgod+dwASv2BK4Yctm0/iwtY=", "password"=>"junk"}
  [4;36;1mUser Load (0.3ms)[0m   [0;1mSELECT * FROM "users" WHERE ("users"."username" = 'admin') LIMIT 1[0m
Rendering template within layouts/rocket
Rendering rocket/login
Completed in 13ms (View: 3, DB: 0) | 200 OK [http://0.0.0.0/rocket/login]


Processing RocketController#login (for 127.0.0.1 at 2009-07-30 00:40:28) [POST]
  Parameters: {"name"=>"admin", "commit"=>"Login", "authenticity_token"=>"u6o6rcIKfQqZUrFYrX3pgod+dwASv2BK4Yctm0/iwtY=", "password"=>"pwd"}
  [4;35;1mUser Load (0.2ms)[0m   [0mSELECT * FROM "users" WHERE ("users"."username" = 'admin') LIMIT 1[0m
Redirected to http://0.0.0.0:3000/rocket/status
Completed in 6ms (DB: 0) | 302 Found [http://0.0.0.0/rocket/login]


Processing RocketController#status (for 127.0.0.1 at 2009-07-30 00:40:28) [GET]

ActionView::MissingTemplate (Missing template rocket/status.erb in view path app/views):
  

Rendering rescues/layout (internal_server_error)


Processing RocketController#status (for 127.0.0.1 at 2009-07-30 00:41:07) [GET]
Rendering template within layouts/rocket
Rendering rocket/status
Completed in 7ms (View: 6, DB: 0) | 200 OK [http://0.0.0.0/rocket/status]


Processing ApplicationController#index (for 127.0.0.1 at 2009-07-30 00:42:08) [GET]

ActionController::RoutingError (No route matches "/status" with {:method=>:get}):
  

Rendering rescues/layout (not_found)


Processing ApplicationController#index (for 127.0.0.1 at 2009-07-30 00:42:16) [GET]

ActionController::RoutingError (No route matches "/status" with {:method=>:get}):
  

Rendering rescues/layout (not_found)


Processing RocketController#index (for 127.0.0.1 at 2009-07-31 00:38:23) [GET]
Redirected to http://0.0.0.0:3000/rocket/login
Completed in 2ms (DB: 0) | 302 Found [http://0.0.0.0/rocket]


Processing RocketController#login (for 127.0.0.1 at 2009-07-31 00:38:23) [GET]
Rendering template within layouts/rocket
Rendering rocket/login
Completed in 49ms (View: 48, DB: 0) | 200 OK [http://0.0.0.0/rocket/login]


Processing RocketController#login (for 127.0.0.1 at 2009-07-31 00:38:29) [POST]
  Parameters: {"name"=>"admin", "commit"=>"Login", "authenticity_token"=>"rXQSJQOfDmPlqBdyFd3tjkahVOkbkCeJe9eG/ekd6BE=", "password"=>"pwd"}
  [4;36;1mUser Load (0.4ms)[0m   [0;1mSELECT * FROM "users" WHERE ("users"."username" = 'admin') LIMIT 1[0m
Redirected to http://0.0.0.0:3000/status/list
Completed in 27ms (DB: 0) | 302 Found [http://0.0.0.0/rocket/login]


Processing ApplicationController#index (for 127.0.0.1 at 2009-07-31 00:38:29) [GET]

ActionController::RoutingError (No route matches "/status/list" with {:method=>:get}):
  

Rendering rescues/layout (not_found)


Processing ApplicationController#index (for 127.0.0.1 at 2009-07-31 00:38:41) [GET]

ActionController::RoutingError (No route matches "/status" with {:method=>:get}):
  

Rendering rescues/layout (not_found)


Processing RocketController#index (for 127.0.0.1 at 2009-07-31 00:38:47) [GET]
Redirected to http://0.0.0.0:3000/rocket/login
Completed in 1ms (DB: 0) | 302 Found [http://0.0.0.0/rocket]


Processing RocketController#login (for 127.0.0.1 at 2009-07-31 00:38:47) [GET]
Rendering template within layouts/rocket
Rendering rocket/login
Completed in 5ms (View: 3, DB: 0) | 200 OK [http://0.0.0.0/rocket/login]


Processing RocketController#login (for 127.0.0.1 at 2009-07-31 00:38:51) [POST]
  Parameters: {"name"=>"junk", "commit"=>"Login", "authenticity_token"=>"rXQSJQOfDmPlqBdyFd3tjkahVOkbkCeJe9eG/ekd6BE=", "password"=>""}
  [4;35;1mUser Load (0.1ms)[0m   [0mSELECT * FROM "users" WHERE ("users"."username" = 'junk') LIMIT 1[0m
Rendering template within layouts/rocket
Rendering rocket/login
Completed in 7ms (View: 2, DB: 0) | 200 OK [http://0.0.0.0/rocket/login]


Processing RocketController#login (for 127.0.0.1 at 2009-07-31 00:38:54) [POST]
  Parameters: {"name"=>"junk", "commit"=>"Login", "authenticity_token"=>"rXQSJQOfDmPlqBdyFd3tjkahVOkbkCeJe9eG/ekd6BE=", "password"=>"me"}
  [4;36;1mUser Load (0.1ms)[0m   [0;1mSELECT * FROM "users" WHERE ("users"."username" = 'junk') LIMIT 1[0m
Rendering template within layouts/rocket
Rendering rocket/login
Completed in 7ms (View: 2, DB: 0) | 200 OK [http://0.0.0.0/rocket/login]


Processing UsersController#index (for 127.0.0.1 at 2009-07-31 00:38:57) [GET]
  [4;35;1mUser Load (0.4ms)[0m   [0mSELECT * FROM "users" [0m
Rendering template within layouts/users
Rendering users/index
Completed in 16ms (View: 12, DB: 0) | 200 OK [http://0.0.0.0/users]


Processing RocketController#logout (for 127.0.0.1 at 2009-07-31 00:43:30) [GET]
Redirected to http://0.0.0.0:3000/rocket/login
Completed in 2ms (DB: 0) | 302 Found [http://0.0.0.0/rocket/logout]


Processing RocketController#login (for 127.0.0.1 at 2009-07-31 00:43:30) [GET]
Rendering template within layouts/rocket
Rendering rocket/login
Completed in 3ms (View: 2, DB: 0) | 200 OK [http://0.0.0.0/rocket/login]


Processing RocketController#login (for 127.0.0.1 at 2009-07-31 00:43:36) [POST]
  Parameters: {"name"=>"admin", "commit"=>"Login", "authenticity_token"=>"rXQSJQOfDmPlqBdyFd3tjkahVOkbkCeJe9eG/ekd6BE=", "password"=>"junk"}
  [4;36;1mUser Load (0.2ms)[0m   [0;1mSELECT * FROM "users" WHERE ("users"."username" = 'admin') LIMIT 1[0m
Rendering template within layouts/rocket
Rendering rocket/login
Completed in 7ms (View: 2, DB: 0) | 200 OK [http://0.0.0.0/rocket/login]


Processing RocketController#login (for 127.0.0.1 at 2009-07-31 00:43:39) [POST]
  Parameters: {"name"=>"admin", "commit"=>"Login", "authenticity_token"=>"rXQSJQOfDmPlqBdyFd3tjkahVOkbkCeJe9eG/ekd6BE=", "password"=>"pwd"}
  [4;35;1mUser Load (0.2ms)[0m   [0mSELECT * FROM "users" WHERE ("users"."username" = 'admin') LIMIT 1[0m
Redirected to http://0.0.0.0:3000/rocket
Completed in 6ms (DB: 0) | 302 Found [http://0.0.0.0/rocket/login]


Processing RocketController#index (for 127.0.0.1 at 2009-07-31 00:43:39) [GET]
Redirected to http://0.0.0.0:3000/rocket/login
Completed in 1ms (DB: 0) | 302 Found [http://0.0.0.0/rocket]


Processing RocketController#login (for 127.0.0.1 at 2009-07-31 00:43:39) [GET]
Rendering template within layouts/rocket
Rendering rocket/login
Completed in 4ms (View: 2, DB: 0) | 200 OK [http://0.0.0.0/rocket/login]


Processing RocketController#logout (for 127.0.0.1 at 2009-07-31 00:44:48) [GET]
Redirected to http://0.0.0.0:3000/rocket/login
Completed in 2ms (DB: 0) | 302 Found [http://0.0.0.0/rocket/logout]


Processing RocketController#login (for 127.0.0.1 at 2009-07-31 00:44:48) [GET]
Rendering template within layouts/rocket
Rendering rocket/login
Completed in 3ms (View: 2, DB: 0) | 200 OK [http://0.0.0.0/rocket/login]


Processing RocketController#login (for 127.0.0.1 at 2009-07-31 00:44:52) [POST]
  Parameters: {"name"=>"admin", "commit"=>"Login", "authenticity_token"=>"rXQSJQOfDmPlqBdyFd3tjkahVOkbkCeJe9eG/ekd6BE=", "password"=>"pwd"}
  [4;36;1mUser Load (0.2ms)[0m   [0;1mSELECT * FROM "users" WHERE ("users"."username" = 'admin') LIMIT 1[0m
Redirected to http://0.0.0.0:3000/rocket
Completed in 6ms (DB: 0) | 302 Found [http://0.0.0.0/rocket/login]


Processing RocketController#index (for 127.0.0.1 at 2009-07-31 00:44:52) [GET]
Redirected to http://0.0.0.0:3000/rocket/login
Completed in 2ms (DB: 0) | 302 Found [http://0.0.0.0/rocket]


Processing RocketController#login (for 127.0.0.1 at 2009-07-31 00:44:52) [GET]
Rendering template within layouts/rocket
Rendering rocket/login
Completed in 4ms (View: 2, DB: 0) | 200 OK [http://0.0.0.0/rocket/login]


Processing ApplicationController#index (for 127.0.0.1 at 2009-07-31 00:44:55) [GET]

ActionController::RoutingError (No route matches "/status" with {:method=>:get}):
  

Rendering rescues/layout (not_found)


Processing RocketController#index (for 127.0.0.1 at 2009-07-31 00:45:27) [GET]
Redirected to http://0.0.0.0:3000/rocket/login
Completed in 2ms (DB: 0) | 302 Found [http://0.0.0.0/rocket/index]


Processing RocketController#login (for 127.0.0.1 at 2009-07-31 00:45:27) [GET]
Rendering template within layouts/rocket
Rendering rocket/login
Completed in 5ms (View: 3, DB: 0) | 200 OK [http://0.0.0.0/rocket/login]


Processing RocketController#logout (for 127.0.0.1 at 2009-07-31 00:45:34) [GET]
Redirected to http://0.0.0.0:3000/rocket/login
Completed in 2ms (DB: 0) | 302 Found [http://0.0.0.0/rocket/logout]


Processing RocketController#login (for 127.0.0.1 at 2009-07-31 00:45:34) [GET]
Rendering template within layouts/rocket
Rendering rocket/login
Completed in 3ms (View: 2, DB: 0) | 200 OK [http://0.0.0.0/rocket/login]


Processing RocketController#index (for 127.0.0.1 at 2009-07-31 00:45:38) [GET]
Rendering template within layouts/rocket
Rendering rocket/index
Completed in 5ms (View: 3, DB: 0) | 200 OK [http://0.0.0.0/rocket/]


Processing RocketController#login (for 127.0.0.1 at 2009-07-31 00:45:56) [GET]
Rendering template within layouts/rocket
Rendering rocket/login
Completed in 4ms (View: 2, DB: 0) | 200 OK [http://0.0.0.0/rocket/login]


Processing RocketController#index (for 127.0.0.1 at 2009-07-31 00:47:14) [GET]
Redirected to http://0.0.0.0:3000/rocket/login
Completed in 1ms (DB: 0) | 302 Found [http://0.0.0.0/rocket/]


Processing RocketController#login (for 127.0.0.1 at 2009-07-31 00:47:14) [GET]
Redirected to http://0.0.0.0:3000/rocket
Completed in 1ms (DB: 0) | 302 Found [http://0.0.0.0/rocket/login]


Processing RocketController#index (for 127.0.0.1 at 2009-07-31 00:47:14) [GET]
Redirected to http://0.0.0.0:3000/rocket/login
Completed in 1ms (DB: 0) | 302 Found [http://0.0.0.0/rocket]


Processing RocketController#login (for 127.0.0.1 at 2009-07-31 00:47:14) [GET]
Redirected to http://0.0.0.0:3000/rocket
Completed in 2ms (DB: 0) | 302 Found [http://0.0.0.0/rocket/login]


Processing RocketController#index (for 127.0.0.1 at 2009-07-31 00:47:14) [GET]
Redirected to http://0.0.0.0:3000/rocket/login
Completed in 1ms (DB: 0) | 302 Found [http://0.0.0.0/rocket]


Processing RocketController#login (for 127.0.0.1 at 2009-07-31 00:47:14) [GET]
Redirected to http://0.0.0.0:3000/rocket
Completed in 1ms (DB: 0) | 302 Found [http://0.0.0.0/rocket/login]


Processing RocketController#index (for 127.0.0.1 at 2009-07-31 00:47:14) [GET]
Redirected to http://0.0.0.0:3000/rocket/login
Completed in 1ms (DB: 0) | 302 Found [http://0.0.0.0/rocket]


Processing RocketController#login (for 127.0.0.1 at 2009-07-31 00:47:14) [GET]
Redirected to http://0.0.0.0:3000/rocket
Completed in 1ms (DB: 0) | 302 Found [http://0.0.0.0/rocket/login]


Processing RocketController#index (for 127.0.0.1 at 2009-07-31 00:47:14) [GET]
Redirected to http://0.0.0.0:3000/rocket/login
Completed in 1ms (DB: 0) | 302 Found [http://0.0.0.0/rocket]


Processing RocketController#login (for 127.0.0.1 at 2009-07-31 00:47:14) [GET]
Redirected to http://0.0.0.0:3000/rocket
Completed in 1ms (DB: 0) | 302 Found [http://0.0.0.0/rocket/login]


Processing RocketController#index (for 127.0.0.1 at 2009-07-31 00:47:14) [GET]
Redirected to http://0.0.0.0:3000/rocket/login
Completed in 1ms (DB: 0) | 302 Found [http://0.0.0.0/rocket]


Processing RocketController#login (for 127.0.0.1 at 2009-07-31 00:47:14) [GET]
Redirected to http://0.0.0.0:3000/rocket
Completed in 1ms (DB: 0) | 302 Found [http://0.0.0.0/rocket/login]


Processing RocketController#index (for 127.0.0.1 at 2009-07-31 00:47:14) [GET]
Redirected to http://0.0.0.0:3000/rocket/login
Completed in 39ms (DB: 0) | 302 Found [http://0.0.0.0/rocket]


Processing RocketController#login (for 127.0.0.1 at 2009-07-31 00:47:14) [GET]
Redirected to http://0.0.0.0:3000/rocket
Completed in 1ms (DB: 0) | 302 Found [http://0.0.0.0/rocket/login]


Processing RocketController#index (for 127.0.0.1 at 2009-07-31 00:47:14) [GET]
Redirected to http://0.0.0.0:3000/rocket/login
Completed in 1ms (DB: 0) | 302 Found [http://0.0.0.0/rocket]


Processing RocketController#login (for 127.0.0.1 at 2009-07-31 00:47:14) [GET]
Redirected to http://0.0.0.0:3000/rocket
Completed in 2ms (DB: 0) | 302 Found [http://0.0.0.0/rocket/login]


Processing RocketController#index (for 127.0.0.1 at 2009-07-31 00:47:14) [GET]
Redirected to http://0.0.0.0:3000/rocket/login
Completed in 1ms (DB: 0) | 302 Found [http://0.0.0.0/rocket]


Processing RocketController#login (for 127.0.0.1 at 2009-07-31 00:47:14) [GET]
Redirected to http://0.0.0.0:3000/rocket
Completed in 2ms (DB: 0) | 302 Found [http://0.0.0.0/rocket/login]


Processing RocketController#index (for 127.0.0.1 at 2009-07-31 00:47:14) [GET]
Redirected to http://0.0.0.0:3000/rocket/login
Completed in 1ms (DB: 0) | 302 Found [http://0.0.0.0/rocket]


Processing RocketController#login (for 127.0.0.1 at 2009-07-31 00:47:14) [GET]
Redirected to http://0.0.0.0:3000/rocket
Completed in 1ms (DB: 0) | 302 Found [http://0.0.0.0/rocket/login]


Processing RocketController#index (for 127.0.0.1 at 2009-07-31 00:47:14) [GET]
Redirected to http://0.0.0.0:3000/rocket/login
Completed in 1ms (DB: 0) | 302 Found [http://0.0.0.0/rocket]


Processing RocketController#index (for 127.0.0.1 at 2009-07-31 00:47:20) [GET]
Redirected to http://0.0.0.0:3000/rocket/login
Completed in 1ms (DB: 0) | 302 Found [http://0.0.0.0/rocket]


Processing RocketController#login (for 127.0.0.1 at 2009-07-31 00:47:20) [GET]
Redirected to http://0.0.0.0:3000/rocket
Completed in 1ms (DB: 0) | 302 Found [http://0.0.0.0/rocket/login]


Processing RocketController#index (for 127.0.0.1 at 2009-07-31 00:47:20) [GET]
Redirected to http://0.0.0.0:3000/rocket/login
Completed in 2ms (DB: 0) | 302 Found [http://0.0.0.0/rocket]


Processing RocketController#login (for 127.0.0.1 at 2009-07-31 00:47:20) [GET]
Redirected to http://0.0.0.0:3000/rocket
Completed in 1ms (DB: 0) | 302 Found [http://0.0.0.0/rocket/login]


Processing RocketController#index (for 127.0.0.1 at 2009-07-31 00:47:20) [GET]
Redirected to http://0.0.0.0:3000/rocket/login
Completed in 1ms (DB: 0) | 302 Found [http://0.0.0.0/rocket]


Processing RocketController#login (for 127.0.0.1 at 2009-07-31 00:47:20) [GET]
Redirected to http://0.0.0.0:3000/rocket
Completed in 1ms (DB: 0) | 302 Found [http://0.0.0.0/rocket/login]


Processing RocketController#index (for 127.0.0.1 at 2009-07-31 00:47:20) [GET]
Redirected to http://0.0.0.0:3000/rocket/login
Completed in 2ms (DB: 0) | 302 Found [http://0.0.0.0/rocket]


Processing RocketController#login (for 127.0.0.1 at 2009-07-31 00:47:20) [GET]
Redirected to http://0.0.0.0:3000/rocket
Completed in 1ms (DB: 0) | 302 Found [http://0.0.0.0/rocket/login]


Processing RocketController#index (for 127.0.0.1 at 2009-07-31 00:47:20) [GET]
Redirected to http://0.0.0.0:3000/rocket/login
Completed in 1ms (DB: 0) | 302 Found [http://0.0.0.0/rocket]


Processing RocketController#login (for 127.0.0.1 at 2009-07-31 00:47:20) [GET]
Redirected to http://0.0.0.0:3000/rocket
Completed in 1ms (DB: 0) | 302 Found [http://0.0.0.0/rocket/login]


Processing RocketController#index (for 127.0.0.1 at 2009-07-31 00:47:20) [GET]
Redirected to http://0.0.0.0:3000/rocket/login
Completed in 1ms (DB: 0) | 302 Found [http://0.0.0.0/rocket]


Processing RocketController#login (for 127.0.0.1 at 2009-07-31 00:47:20) [GET]
Redirected to http://0.0.0.0:3000/rocket
Completed in 2ms (DB: 0) | 302 Found [http://0.0.0.0/rocket/login]


Processing RocketController#index (for 127.0.0.1 at 2009-07-31 00:47:20) [GET]
Redirected to http://0.0.0.0:3000/rocket/login
Completed in 2ms (DB: 0) | 302 Found [http://0.0.0.0/rocket]


Processing RocketController#login (for 127.0.0.1 at 2009-07-31 00:47:20) [GET]
Redirected to http://0.0.0.0:3000/rocket
Completed in 1ms (DB: 0) | 302 Found [http://0.0.0.0/rocket/login]


Processing RocketController#index (for 127.0.0.1 at 2009-07-31 00:47:20) [GET]
Redirected to http://0.0.0.0:3000/rocket/login
Completed in 1ms (DB: 0) | 302 Found [http://0.0.0.0/rocket]


Processing RocketController#login (for 127.0.0.1 at 2009-07-31 00:47:20) [GET]
Redirected to http://0.0.0.0:3000/rocket
Completed in 1ms (DB: 0) | 302 Found [http://0.0.0.0/rocket/login]


Processing RocketController#index (for 127.0.0.1 at 2009-07-31 00:47:20) [GET]
Redirected to http://0.0.0.0:3000/rocket/login
Completed in 1ms (DB: 0) | 302 Found [http://0.0.0.0/rocket]


Processing RocketController#login (for 127.0.0.1 at 2009-07-31 00:47:20) [GET]
Redirected to http://0.0.0.0:3000/rocket
Completed in 2ms (DB: 0) | 302 Found [http://0.0.0.0/rocket/login]


Processing RocketController#index (for 127.0.0.1 at 2009-07-31 00:47:20) [GET]
Redirected to http://0.0.0.0:3000/rocket/login
Completed in 1ms (DB: 0) | 302 Found [http://0.0.0.0/rocket]


Processing RocketController#login (for 127.0.0.1 at 2009-07-31 00:47:20) [GET]
Redirected to http://0.0.0.0:3000/rocket
Completed in 1ms (DB: 0) | 302 Found [http://0.0.0.0/rocket/login]


Processing RocketController#index (for 127.0.0.1 at 2009-07-31 00:47:20) [GET]
Redirected to http://0.0.0.0:3000/rocket/login
Completed in 1ms (DB: 0) | 302 Found [http://0.0.0.0/rocket]


Processing RocketController#index (for 127.0.0.1 at 2009-07-31 00:48:59) [GET]
Redirected to http://0.0.0.0:3000/rocket/login
Completed in 1ms (DB: 0) | 302 Found [http://0.0.0.0/rocket]


Processing RocketController#login (for 127.0.0.1 at 2009-07-31 00:48:59) [GET]
Redirected to http://0.0.0.0:3000/rocket
Completed in 1ms (DB: 0) | 302 Found [http://0.0.0.0/rocket/login]


Processing RocketController#index (for 127.0.0.1 at 2009-07-31 00:48:59) [GET]
Redirected to http://0.0.0.0:3000/rocket/login
Completed in 38ms (DB: 0) | 302 Found [http://0.0.0.0/rocket]


Processing RocketController#login (for 127.0.0.1 at 2009-07-31 00:48:59) [GET]
Redirected to http://0.0.0.0:3000/rocket
Completed in 2ms (DB: 0) | 302 Found [http://0.0.0.0/rocket/login]


Processing RocketController#index (for 127.0.0.1 at 2009-07-31 00:48:59) [GET]
Redirected to http://0.0.0.0:3000/rocket/login
Completed in 1ms (DB: 0) | 302 Found [http://0.0.0.0/rocket]


Processing RocketController#login (for 127.0.0.1 at 2009-07-31 00:48:59) [GET]
Redirected to http://0.0.0.0:3000/rocket
Completed in 1ms (DB: 0) | 302 Found [http://0.0.0.0/rocket/login]


Processing RocketController#index (for 127.0.0.1 at 2009-07-31 00:48:59) [GET]
Redirected to http://0.0.0.0:3000/rocket/login
Completed in 1ms (DB: 0) | 302 Found [http://0.0.0.0/rocket]


Processing RocketController#login (for 127.0.0.1 at 2009-07-31 00:48:59) [GET]
Redirected to http://0.0.0.0:3000/rocket
Completed in 1ms (DB: 0) | 302 Found [http://0.0.0.0/rocket/login]


Processing RocketController#index (for 127.0.0.1 at 2009-07-31 00:48:59) [GET]
Redirected to http://0.0.0.0:3000/rocket/login
Completed in 1ms (DB: 0) | 302 Found [http://0.0.0.0/rocket]


Processing RocketController#login (for 127.0.0.1 at 2009-07-31 00:48:59) [GET]
Redirected to http://0.0.0.0:3000/rocket
Completed in 1ms (DB: 0) | 302 Found [http://0.0.0.0/rocket/login]


Processing RocketController#index (for 127.0.0.1 at 2009-07-31 00:48:59) [GET]
Redirected to http://0.0.0.0:3000/rocket/login
Completed in 2ms (DB: 0) | 302 Found [http://0.0.0.0/rocket]


Processing RocketController#login (for 127.0.0.1 at 2009-07-31 00:49:00) [GET]
Redirected to http://0.0.0.0:3000/rocket
Completed in 2ms (DB: 0) | 302 Found [http://0.0.0.0/rocket/login]


Processing RocketController#index (for 127.0.0.1 at 2009-07-31 00:49:00) [GET]
Redirected to http://0.0.0.0:3000/rocket/login
Completed in 1ms (DB: 0) | 302 Found [http://0.0.0.0/rocket]


Processing RocketController#login (for 127.0.0.1 at 2009-07-31 00:49:00) [GET]
Redirected to http://0.0.0.0:3000/rocket
Completed in 1ms (DB: 0) | 302 Found [http://0.0.0.0/rocket/login]


Processing RocketController#index (for 127.0.0.1 at 2009-07-31 00:49:00) [GET]
Redirected to http://0.0.0.0:3000/rocket/login
Completed in 1ms (DB: 0) | 302 Found [http://0.0.0.0/rocket]


Processing RocketController#login (for 127.0.0.1 at 2009-07-31 00:49:00) [GET]
Redirected to http://0.0.0.0:3000/rocket
Completed in 1ms (DB: 0) | 302 Found [http://0.0.0.0/rocket/login]


Processing RocketController#index (for 127.0.0.1 at 2009-07-31 00:49:00) [GET]
Redirected to http://0.0.0.0:3000/rocket/login
Completed in 1ms (DB: 0) | 302 Found [http://0.0.0.0/rocket]


Processing RocketController#login (for 127.0.0.1 at 2009-07-31 00:49:00) [GET]
Redirected to http://0.0.0.0:3000/rocket
Completed in 2ms (DB: 0) | 302 Found [http://0.0.0.0/rocket/login]


Processing RocketController#index (for 127.0.0.1 at 2009-07-31 00:49:00) [GET]
Redirected to http://0.0.0.0:3000/rocket/login
Completed in 1ms (DB: 0) | 302 Found [http://0.0.0.0/rocket]


Processing RocketController#login (for 127.0.0.1 at 2009-07-31 00:49:00) [GET]
Redirected to http://0.0.0.0:3000/rocket
Completed in 1ms (DB: 0) | 302 Found [http://0.0.0.0/rocket/login]


Processing RocketController#index (for 127.0.0.1 at 2009-07-31 00:49:00) [GET]
Redirected to http://0.0.0.0:3000/rocket/login
Completed in 1ms (DB: 0) | 302 Found [http://0.0.0.0/rocket]


Processing RocketController#index (for 127.0.0.1 at 2009-07-31 00:49:15) [GET]
Redirected to http://0.0.0.0:3000/rocket/login
Completed in 1ms (DB: 0) | 302 Found [http://0.0.0.0/rocket]


Processing RocketController#login (for 127.0.0.1 at 2009-07-31 00:49:15) [GET]
Rendering template within layouts/rocket
Rendering rocket/login
Completed in 6ms (View: 4, DB: 0) | 200 OK [http://0.0.0.0/rocket/login]


Processing RocketController#login (for 127.0.0.1 at 2009-07-31 00:49:25) [POST]
  Parameters: {"name"=>"admin", "commit"=>"Login", "authenticity_token"=>"rXQSJQOfDmPlqBdyFd3tjkahVOkbkCeJe9eG/ekd6BE=", "password"=>"pwd"}
  [4;35;1mUser Load (0.2ms)[0m   [0mSELECT * FROM "users" WHERE ("users"."username" = 'admin') LIMIT 1[0m
Redirected to http://0.0.0.0:3000/rocket
Completed in 6ms (DB: 0) | 302 Found [http://0.0.0.0/rocket/login]


Processing RocketController#index (for 127.0.0.1 at 2009-07-31 00:49:26) [GET]
Redirected to http://0.0.0.0:3000/rocket/login
Completed in 1ms (DB: 0) | 302 Found [http://0.0.0.0/rocket]


Processing RocketController#login (for 127.0.0.1 at 2009-07-31 00:49:26) [GET]
Rendering template within layouts/rocket
Rendering rocket/login
Completed in 3ms (View: 2, DB: 0) | 200 OK [http://0.0.0.0/rocket/login]


Processing RocketController#index (for 127.0.0.1 at 2009-07-31 00:54:04) [GET]
Redirected to http://0.0.0.0:3000/rocket/login
Completed in 1ms (DB: 0) | 302 Found [http://0.0.0.0/rocket/]


Processing RocketController#login (for 127.0.0.1 at 2009-07-31 00:54:04) [GET]

ActionView::MissingTemplate (Missing template rocket/login.erb in view path app/views):
  

Rendering rescues/layout (internal_server_error)


Processing RocketController#index (for 127.0.0.1 at 2009-07-31 00:54:12) [GET]
Redirected to http://0.0.0.0:3000/rocket/login
Completed in 1ms (DB: 0) | 302 Found [http://0.0.0.0/rocket/]


Processing RocketController#login (for 127.0.0.1 at 2009-07-31 00:54:12) [GET]

ActionView::MissingTemplate (Missing template rocket/login.erb in view path app/views):
  

Rendering rescues/layout (internal_server_error)


Processing RocketController#index (for 127.0.0.1 at 2009-07-31 00:54:32) [GET]
Rendering template within layouts/rocket
Rendering rocket/index
Completed in 7ms (View: 6, DB: 0) | 200 OK [http://0.0.0.0/rocket/]


Processing RocketController#logout (for 127.0.0.1 at 2009-07-31 00:54:36) [GET]
Redirected to http://0.0.0.0:3000/rocket/login
Completed in 2ms (DB: 0) | 302 Found [http://0.0.0.0/rocket/logout]


Processing RocketController#login (for 127.0.0.1 at 2009-07-31 00:54:36) [GET]

ActionController::UnknownAction (No action responded to login. Actions: index, logout, and status):
  

Rendering rescues/layout (not_found)


Processing RocketController#index (for 127.0.0.1 at 2009-07-31 00:54:47) [GET]
Rendering template within layouts/rocket
Rendering rocket/index
Completed in 3ms (View: 2, DB: 0) | 200 OK [http://0.0.0.0/rocket/]


Processing RocketController#index (for 127.0.0.1 at 2009-07-31 00:55:56) [POST]
  Parameters: {"name"=>"stacie", "commit"=>"Login", "authenticity_token"=>"rXQSJQOfDmPlqBdyFd3tjkahVOkbkCeJe9eG/ekd6BE=", "password"=>"pwd"}
  [4;36;1mUser Load (0.2ms)[0m   [0;1mSELECT * FROM "users" WHERE ("users"."username" = 'stacie') LIMIT 1[0m
Redirected to http://0.0.0.0:3000/rocket
Completed in 6ms (DB: 0) | 302 Found [http://0.0.0.0/rocket]


Processing RocketController#index (for 127.0.0.1 at 2009-07-31 00:55:56) [GET]
Rendering template within layouts/rocket
Rendering rocket/index
Completed in 3ms (View: 2, DB: 0) | 200 OK [http://0.0.0.0/rocket]


Processing RocketController#logout (for 127.0.0.1 at 2009-07-31 00:55:57) [GET]
Redirected to http://0.0.0.0:3000/rocket
Completed in 2ms (DB: 0) | 302 Found [http://0.0.0.0/rocket/logout]


Processing RocketController#index (for 127.0.0.1 at 2009-07-31 00:55:57) [GET]
Rendering template within layouts/rocket
Rendering rocket/index
Completed in 3ms (View: 2, DB: 0) | 200 OK [http://0.0.0.0/rocket]


Processing RocketController#index (for 127.0.0.1 at 2009-07-31 00:56:35) [POST]
  Parameters: {"name"=>"admin", "commit"=>"Login", "authenticity_token"=>"rXQSJQOfDmPlqBdyFd3tjkahVOkbkCeJe9eG/ekd6BE=", "password"=>"pwd"}
  [4;35;1mUser Load (0.2ms)[0m   [0mSELECT * FROM "users" WHERE ("users"."username" = 'admin') LIMIT 1[0m
Redirected to http://0.0.0.0:3000/rocket
Completed in 6ms (DB: 0) | 302 Found [http://0.0.0.0/rocket]


Processing RocketController#index (for 127.0.0.1 at 2009-07-31 00:56:35) [GET]
Rendering template within layouts/rocket
Rendering rocket/index
Completed in 3ms (View: 2, DB: 0) | 200 OK [http://0.0.0.0/rocket]


Processing UsersController#index (for 127.0.0.1 at 2009-07-31 00:56:38) [GET]
  [4;36;1mUser Load (0.5ms)[0m   [0;1mSELECT * FROM "users" [0m
Rendering template within layouts/users
Rendering users/index
Completed in 45ms (View: 4, DB: 0) | 200 OK [http://0.0.0.0/users]


Processing UsersController#new (for 127.0.0.1 at 2009-07-31 00:56:41) [GET]
Rendering template within layouts/users
Rendering users/new
Completed in 11ms (View: 6, DB: 0) | 200 OK [http://0.0.0.0/users/new]


Processing UsersController#create (for 127.0.0.1 at 2009-07-31 00:57:00) [POST]
  Parameters: {"user"=>{"password_confirmation"=>"pwd", "username"=>"shaggy", "password"=>"pwd", "email"=>"shaggy.rogers@gmail.com"}, "commit"=>"Create", "authenticity_token"=>"rXQSJQOfDmPlqBdyFd3tjkahVOkbkCeJe9eG/ekd6BE="}
  [4;35;1mUser Exists (0.2ms)[0m   [0mSELECT "users".id FROM "users" WHERE ("users"."username" = 'shaggy') LIMIT 1[0m
  [4;36;1mUser Create (9.2ms)[0m   [0;1mINSERT INTO "users" ("updated_at", "username", "password", "email", "created_at") VALUES('2009-07-31 07:57:00', 'shaggy', 'pwd', 'shaggy.rogers@gmail.com', '2009-07-31 07:57:00')[0m
Redirected to http://0.0.0.0:3000/users/3
Completed in 79ms (DB: 9) | 302 Found [http://0.0.0.0/users]


Processing UsersController#show (for 127.0.0.1 at 2009-07-31 00:57:00) [GET]
  Parameters: {"id"=>"3"}
  [4;35;1mUser Load (0.2ms)[0m   [0mSELECT * FROM "users" WHERE ("users"."id" = 3) [0m
Rendering template within layouts/users
Rendering users/show
Completed in 9ms (View: 5, DB: 0) | 200 OK [http://0.0.0.0/users/3]


Processing UsersController#index (for 127.0.0.1 at 2009-07-31 00:57:03) [GET]
  [4;36;1mUser Load (0.5ms)[0m   [0;1mSELECT * FROM "users" [0m
Rendering template within layouts/users
Rendering users/index
Completed in 8ms (View: 4, DB: 1) | 200 OK [http://0.0.0.0/users]
